Analysis & Synthesis report for HardwareInvaders
Wed Mar 14 14:20:54 2018
Quartus II 64-Bit Version 13.0.1 Build 232 06/12/2013 Service Pack 1 SJ Web Edition


---------------------
; Table of Contents ;
---------------------
  1. Legal Notice
  2. Analysis & Synthesis Summary
  3. Analysis & Synthesis Settings
  4. Parallel Compilation
  5. Analysis & Synthesis Source Files Read
  6. Analysis & Synthesis Resource Usage Summary
  7. Analysis & Synthesis Resource Utilization by Entity
  8. Analysis & Synthesis IP Cores Summary
  9. State Machine - |HardwareInvaders|View:view|substate
 10. State Machine - |HardwareInvaders|View:view|state
 11. State Machine - |HardwareInvaders|VGA_Framebuffer:vga|substate
 12. State Machine - |HardwareInvaders|VGA_Framebuffer:vga|state
 13. State Machine - |HardwareInvaders|VGA_Framebuffer:vga|VGA_RAMDAC:vga_fb|ram_state
 14. State Machine - |HardwareInvaders|VGA_Framebuffer:vga|VGA_Timing:vga_timing|v_state
 15. State Machine - |HardwareInvaders|VGA_Framebuffer:vga|VGA_Timing:vga_timing|h_state
 16. Registers Removed During Synthesis
 17. Removed Registers Triggering Further Register Optimizations
 18. General Register Statistics
 19. Multiplexer Restructuring Statistics (Restructuring Performed)
 20. Parameter Settings for User Entity Instance: PLL:pll|altpll:altpll_component
 21. Parameter Settings for User Entity Instance: VGA_Framebuffer:vga
 22. Parameter Settings for User Entity Instance: VGA_Framebuffer:vga|VGA_Timing:vga_timing
 23. Parameter Settings for User Entity Instance: VGA_Framebuffer:vga|VGA_RAMDAC:vga_fb
 24. altpll Parameter Settings by Entity Instance
 25. Port Connectivity Checks: "View:view"
 26. Port Connectivity Checks: "VGA_Framebuffer:vga|VGA_RAMDAC:vga_fb"
 27. Port Connectivity Checks: "VGA_Framebuffer:vga|VGA_Timing:vga_timing"
 28. Elapsed Time Per Partition
 29. Analysis & Synthesis Messages



----------------
; Legal Notice ;
----------------
Copyright (C) 1991-2013 Altera Corporation
Your use of Altera Corporation's design tools, logic functions 
and other software and tools, and its AMPP partner logic 
functions, and any output files from any of the foregoing 
(including device programming or simulation files), and any 
associated documentation or information are expressly subject 
to the terms and conditions of the Altera Program License 
Subscription Agreement, Altera MegaCore Function License 
Agreement, or other applicable license agreement, including, 
without limitation, that your use is for the sole purpose of 
programming logic devices manufactured by Altera and sold by 
Altera or its authorized distributors.  Please refer to the 
applicable agreement for further details.



+--------------------------------------------------------------------------------------+
; Analysis & Synthesis Summary                                                         ;
+------------------------------------+-------------------------------------------------+
; Analysis & Synthesis Status        ; Successful - Wed Mar 14 14:20:54 2018           ;
; Quartus II 64-Bit Version          ; 13.0.1 Build 232 06/12/2013 SP 1 SJ Web Edition ;
; Revision Name                      ; HardwareInvaders                                ;
; Top-level Entity Name              ; HardwareInvaders                                ;
; Family                             ; Cyclone II                                      ;
; Total logic elements               ; 156                                             ;
;     Total combinational functions  ; 145                                             ;
;     Dedicated logic registers      ; 78                                              ;
; Total registers                    ; 78                                              ;
; Total pins                         ; 59                                              ;
; Total virtual pins                 ; 0                                               ;
; Total memory bits                  ; 0                                               ;
; Embedded Multiplier 9-bit elements ; 0                                               ;
; Total PLLs                         ; 1                                               ;
+------------------------------------+-------------------------------------------------+


+----------------------------------------------------------------------------------------------------------------------+
; Analysis & Synthesis Settings                                                                                        ;
+----------------------------------------------------------------------------+--------------------+--------------------+
; Option                                                                     ; Setting            ; Default Value      ;
+----------------------------------------------------------------------------+--------------------+--------------------+
; Device                                                                     ; EP2C20F484C7       ;                    ;
; Top-level entity name                                                      ; HardwareInvaders   ; HardwareInvaders   ;
; Family name                                                                ; Cyclone II         ; Cyclone IV GX      ;
; Use smart compilation                                                      ; Off                ; Off                ;
; Enable parallel Assembler and TimeQuest Timing Analyzer during compilation ; On                 ; On                 ;
; Enable compact report table                                                ; Off                ; Off                ;
; Restructure Multiplexers                                                   ; Auto               ; Auto               ;
; Create Debugging Nodes for IP Cores                                        ; Off                ; Off                ;
; Preserve fewer node names                                                  ; On                 ; On                 ;
; Disable OpenCore Plus hardware evaluation                                  ; Off                ; Off                ;
; Verilog Version                                                            ; Verilog_2001       ; Verilog_2001       ;
; VHDL Version                                                               ; VHDL_1993          ; VHDL_1993          ;
; State Machine Processing                                                   ; Auto               ; Auto               ;
; Safe State Machine                                                         ; Off                ; Off                ;
; Extract Verilog State Machines                                             ; On                 ; On                 ;
; Extract VHDL State Machines                                                ; On                 ; On                 ;
; Ignore Verilog initial constructs                                          ; Off                ; Off                ;
; Iteration limit for constant Verilog loops                                 ; 5000               ; 5000               ;
; Iteration limit for non-constant Verilog loops                             ; 250                ; 250                ;
; Add Pass-Through Logic to Inferred RAMs                                    ; On                 ; On                 ;
; Infer RAMs from Raw Logic                                                  ; On                 ; On                 ;
; Parallel Synthesis                                                         ; On                 ; On                 ;
; DSP Block Balancing                                                        ; Auto               ; Auto               ;
; NOT Gate Push-Back                                                         ; On                 ; On                 ;
; Power-Up Don't Care                                                        ; On                 ; On                 ;
; Remove Redundant Logic Cells                                               ; Off                ; Off                ;
; Remove Duplicate Registers                                                 ; On                 ; On                 ;
; Ignore CARRY Buffers                                                       ; Off                ; Off                ;
; Ignore CASCADE Buffers                                                     ; Off                ; Off                ;
; Ignore GLOBAL Buffers                                                      ; Off                ; Off                ;
; Ignore ROW GLOBAL Buffers                                                  ; Off                ; Off                ;
; Ignore LCELL Buffers                                                       ; Off                ; Off                ;
; Ignore SOFT Buffers                                                        ; On                 ; On                 ;
; Limit AHDL Integers to 32 Bits                                             ; Off                ; Off                ;
; Optimization Technique                                                     ; Balanced           ; Balanced           ;
; Carry Chain Length                                                         ; 70                 ; 70                 ;
; Auto Carry Chains                                                          ; On                 ; On                 ;
; Auto Open-Drain Pins                                                       ; On                 ; On                 ;
; Perform WYSIWYG Primitive Resynthesis                                      ; Off                ; Off                ;
; Auto ROM Replacement                                                       ; On                 ; On                 ;
; Auto RAM Replacement                                                       ; On                 ; On                 ;
; Auto Shift Register Replacement                                            ; Auto               ; Auto               ;
; Allow Shift Register Merging across Hierarchies                            ; Auto               ; Auto               ;
; Auto Clock Enable Replacement                                              ; On                 ; On                 ;
; Strict RAM Replacement                                                     ; Off                ; Off                ;
; Allow Synchronous Control Signals                                          ; On                 ; On                 ;
; Force Use of Synchronous Clear Signals                                     ; Off                ; Off                ;
; Auto RAM to Logic Cell Conversion                                          ; Off                ; Off                ;
; Auto Resource Sharing                                                      ; Off                ; Off                ;
; Allow Any RAM Size For Recognition                                         ; Off                ; Off                ;
; Allow Any ROM Size For Recognition                                         ; Off                ; Off                ;
; Allow Any Shift Register Size For Recognition                              ; Off                ; Off                ;
; Use LogicLock Constraints during Resource Balancing                        ; On                 ; On                 ;
; Ignore translate_off and synthesis_off directives                          ; Off                ; Off                ;
; Timing-Driven Synthesis                                                    ; Off                ; Off                ;
; Report Parameter Settings                                                  ; On                 ; On                 ;
; Report Source Assignments                                                  ; On                 ; On                 ;
; Report Connectivity Checks                                                 ; On                 ; On                 ;
; Ignore Maximum Fan-Out Assignments                                         ; Off                ; Off                ;
; Synchronization Register Chain Length                                      ; 2                  ; 2                  ;
; PowerPlay Power Optimization                                               ; Normal compilation ; Normal compilation ;
; HDL message level                                                          ; Level2             ; Level2             ;
; Suppress Register Optimization Related Messages                            ; Off                ; Off                ;
; Number of Removed Registers Reported in Synthesis Report                   ; 5000               ; 5000               ;
; Number of Swept Nodes Reported in Synthesis Report                         ; 5000               ; 5000               ;
; Number of Inverted Registers Reported in Synthesis Report                  ; 100                ; 100                ;
; Clock MUX Protection                                                       ; On                 ; On                 ;
; Auto Gated Clock Conversion                                                ; Off                ; Off                ;
; Block Design Naming                                                        ; Auto               ; Auto               ;
; SDC constraint protection                                                  ; Off                ; Off                ;
; Synthesis Effort                                                           ; Auto               ; Auto               ;
; Shift Register Replacement - Allow Asynchronous Clear Signal               ; On                 ; On                 ;
; Pre-Mapping Resynthesis Optimization                                       ; Off                ; Off                ;
; Analysis & Synthesis Message Level                                         ; Medium             ; Medium             ;
; Disable Register Merging Across Hierarchies                                ; Auto               ; Auto               ;
; Resource Aware Inference For Block RAM                                     ; On                 ; On                 ;
; Synthesis Seed                                                             ; 1                  ; 1                  ;
+----------------------------------------------------------------------------+--------------------+--------------------+


Parallel compilation was disabled, but you have multiple processors available. Enable parallel compilation to reduce compilation time.
+-------------------------------------+
; Parallel Compilation                ;
+----------------------------+--------+
; Processors                 ; Number ;
+----------------------------+--------+
; Number detected on machine ; 8      ;
; Maximum allowed            ; 1      ;
+----------------------------+--------+


+---------------------------------------------------------------------------------------------------------------------------------------------------------------------------------+
; Analysis & Synthesis Source Files Read                                                                                                                                          ;
+----------------------------------+-----------------+-----------------------------+------------------------------------------------------------------------------------+---------+
; File Name with User-Entered Path ; Used in Netlist ; File Type                   ; File Name with Absolute Path                                                       ; Library ;
+----------------------------------+-----------------+-----------------------------+------------------------------------------------------------------------------------+---------+
; PLL.vhd                          ; yes             ; User Wizard-Generated File  ; C:/Users/Luca/Documents/unlimitedrepositoryworks/Project_VHDL/PLL.vhd              ;         ;
; VGA_Timing.vhd                   ; yes             ; User VHDL File              ; C:/Users/Luca/Documents/unlimitedrepositoryworks/Project_VHDL/VGA_Timing.vhd       ;         ;
; VGA_RAMDAC.vhd                   ; yes             ; User VHDL File              ; C:/Users/Luca/Documents/unlimitedrepositoryworks/Project_VHDL/VGA_RAMDAC.vhd       ;         ;
; vga_package.vhd                  ; yes             ; User VHDL File              ; C:/Users/Luca/Documents/unlimitedrepositoryworks/Project_VHDL/vga_package.vhd      ;         ;
; VGA_FrameBuffer.vhd              ; yes             ; User VHDL File              ; C:/Users/Luca/Documents/unlimitedrepositoryworks/Project_VHDL/VGA_FrameBuffer.vhd  ;         ;
; View.vhd                         ; yes             ; User VHDL File              ; C:/Users/Luca/Documents/unlimitedrepositoryworks/Project_VHDL/View.vhd             ;         ;
; HardwareInvaders.vhd             ; yes             ; User VHDL File              ; C:/Users/Luca/Documents/unlimitedrepositoryworks/Project_VHDL/HardwareInvaders.vhd ;         ;
; HI_package.vhd                   ; yes             ; User VHDL File              ; C:/Users/Luca/Documents/unlimitedrepositoryworks/Project_VHDL/HI_package.vhd       ;         ;
; altpll.tdf                       ; yes             ; Megafunction                ; c:/altera/13.0sp1/quartus/libraries/megafunctions/altpll.tdf                       ;         ;
; aglobal130.inc                   ; yes             ; Megafunction                ; c:/altera/13.0sp1/quartus/libraries/megafunctions/aglobal130.inc                   ;         ;
; stratix_pll.inc                  ; yes             ; Megafunction                ; c:/altera/13.0sp1/quartus/libraries/megafunctions/stratix_pll.inc                  ;         ;
; stratixii_pll.inc                ; yes             ; Megafunction                ; c:/altera/13.0sp1/quartus/libraries/megafunctions/stratixii_pll.inc                ;         ;
; cycloneii_pll.inc                ; yes             ; Megafunction                ; c:/altera/13.0sp1/quartus/libraries/megafunctions/cycloneii_pll.inc                ;         ;
+----------------------------------+-----------------+-----------------------------+------------------------------------------------------------------------------------+---------+


+-------------------------------------------------------------------------------------+
; Analysis & Synthesis Resource Usage Summary                                         ;
+---------------------------------------------+---------------------------------------+
; Resource                                    ; Usage                                 ;
+---------------------------------------------+---------------------------------------+
; Estimated Total logic elements              ; 156                                   ;
;                                             ;                                       ;
; Total combinational functions               ; 145                                   ;
; Logic element usage by number of LUT inputs ;                                       ;
;     -- 4 input functions                    ; 50                                    ;
;     -- 3 input functions                    ; 32                                    ;
;     -- <=2 input functions                  ; 63                                    ;
;                                             ;                                       ;
; Logic elements by mode                      ;                                       ;
;     -- normal mode                          ; 94                                    ;
;     -- arithmetic mode                      ; 51                                    ;
;                                             ;                                       ;
; Total registers                             ; 78                                    ;
;     -- Dedicated logic registers            ; 78                                    ;
;     -- I/O registers                        ; 0                                     ;
;                                             ;                                       ;
; I/O pins                                    ; 59                                    ;
; Embedded Multiplier 9-bit elements          ; 0                                     ;
; Total PLLs                                  ; 1                                     ;
;     -- PLLs                                 ; 1                                     ;
;                                             ;                                       ;
; Maximum fan-out node                        ; PLL:pll|altpll:altpll_component|_clk0 ;
; Maximum fan-out                             ; 76                                    ;
; Total fan-out                               ; 777                                   ;
; Average fan-out                             ; 2.75                                  ;
+---------------------------------------------+---------------------------------------+


+--------------------------------------------------------------------------------------------------------------------------------------------------------------------------------------------------------------------------+
; Analysis & Synthesis Resource Utilization by Entity                                                                                                                                                                      ;
+---------------------------------+-------------------+--------------+-------------+--------------+---------+-----------+------+--------------+-------------------------------------------------------------+--------------+
; Compilation Hierarchy Node      ; LC Combinationals ; LC Registers ; Memory Bits ; DSP Elements ; DSP 9x9 ; DSP 18x18 ; Pins ; Virtual Pins ; Full Hierarchy Name                                         ; Library Name ;
+---------------------------------+-------------------+--------------+-------------+--------------+---------+-----------+------+--------------+-------------------------------------------------------------+--------------+
; |HardwareInvaders               ; 145 (0)           ; 78 (2)       ; 0           ; 0            ; 0       ; 0         ; 59   ; 0            ; |HardwareInvaders                                           ; work         ;
;    |PLL:pll|                    ; 0 (0)             ; 0 (0)        ; 0           ; 0            ; 0       ; 0         ; 0    ; 0            ; |HardwareInvaders|PLL:pll                                   ; work         ;
;       |altpll:altpll_component| ; 0 (0)             ; 0 (0)        ; 0           ; 0            ; 0       ; 0         ; 0    ; 0            ; |HardwareInvaders|PLL:pll|altpll:altpll_component           ; work         ;
;    |VGA_Framebuffer:vga|        ; 145 (52)          ; 76 (23)      ; 0           ; 0            ; 0       ; 0         ; 0    ; 0            ; |HardwareInvaders|VGA_Framebuffer:vga                       ; work         ;
;       |VGA_RAMDAC:vga_fb|       ; 19 (19)           ; 8 (8)        ; 0           ; 0            ; 0       ; 0         ; 0    ; 0            ; |HardwareInvaders|VGA_Framebuffer:vga|VGA_RAMDAC:vga_fb     ; work         ;
;       |VGA_Timing:vga_timing|   ; 74 (74)           ; 45 (45)      ; 0           ; 0            ; 0       ; 0         ; 0    ; 0            ; |HardwareInvaders|VGA_Framebuffer:vga|VGA_Timing:vga_timing ; work         ;
+---------------------------------+-------------------+--------------+-------------+--------------+---------+-----------+------+--------------+-------------------------------------------------------------+--------------+
Note: For table entries with two numbers listed, the numbers in parentheses indicate the number of resources of the given type used by the specific entity alone. The numbers listed outside of parentheses indicate the total resources of the given type used by the specific entity and all of its sub-entities in the hierarchy.


+-------------------------------------------------------------------------------------------------------------------------------------------------------------------+
; Analysis & Synthesis IP Cores Summary                                                                                                                             ;
+--------+--------------+---------+--------------+--------------+---------------------------+-----------------------------------------------------------------------+
; Vendor ; IP Core Name ; Version ; Release Date ; License Type ; Entity Instance           ; IP Include File                                                       ;
+--------+--------------+---------+--------------+--------------+---------------------------+-----------------------------------------------------------------------+
; Altera ; ALTPLL       ; N/A     ; N/A          ; N/A          ; |HardwareInvaders|PLL:pll ; C:/Users/Luca/Documents/unlimitedrepositoryworks/Project_VHDL/PLL.vhd ;
+--------+--------------+---------+--------------+--------------+---------------------------+-----------------------------------------------------------------------+


Encoding Type:  One-Hot
+-----------------------------------------------------------------+
; State Machine - |HardwareInvaders|View:view|substate            ;
+----------------+---------------+---------------+----------------+
; Name           ; substate.FLIP ; substate.DRAW ; substate.CLEAR ;
+----------------+---------------+---------------+----------------+
; substate.CLEAR ; 0             ; 0             ; 0              ;
; substate.DRAW  ; 0             ; 1             ; 1              ;
; substate.FLIP  ; 1             ; 0             ; 1              ;
+----------------+---------------+---------------+----------------+


Encoding Type:  One-Hot
+------------------------------------------------------------+
; State Machine - |HardwareInvaders|View:view|state          ;
+---------------+---------------+---------------+------------+
; Name          ; state.DRAWING ; state.WAITING ; state.IDLE ;
+---------------+---------------+---------------+------------+
; state.IDLE    ; 0             ; 0             ; 0          ;
; state.WAITING ; 0             ; 1             ; 1          ;
; state.DRAWING ; 1             ; 0             ; 1          ;
+---------------+---------------+---------------+------------+


Encoding Type:  One-Hot
+----------------------------------------------------------------------------------------------------+
; State Machine - |HardwareInvaders|VGA_Framebuffer:vga|substate                                     ;
+---------------------+---------------------+---------------------+------------------+---------------+
; Name                ; substate.DRAWING_R2 ; substate.DRAWING_R1 ; substate.DRAWING ; substate.INIT ;
+---------------------+---------------------+---------------------+------------------+---------------+
; substate.INIT       ; 0                   ; 0                   ; 0                ; 0             ;
; substate.DRAWING    ; 0                   ; 0                   ; 1                ; 1             ;
; substate.DRAWING_R1 ; 0                   ; 1                   ; 0                ; 1             ;
; substate.DRAWING_R2 ; 1                   ; 0                   ; 0                ; 1             ;
+---------------------+---------------------+---------------------+------------------+---------------+


Encoding Type:  One-Hot
+------------------------------------------------------------------------------------------------+
; State Machine - |HardwareInvaders|VGA_Framebuffer:vga|state                                    ;
+--------------------+--------------------+--------------------+--------------------+------------+
; Name               ; state.DRAWING_LINE ; state.FILLING_RECT ; state.DRAWING_RECT ; state.IDLE ;
+--------------------+--------------------+--------------------+--------------------+------------+
; state.IDLE         ; 0                  ; 0                  ; 0                  ; 0          ;
; state.DRAWING_RECT ; 0                  ; 0                  ; 1                  ; 1          ;
; state.FILLING_RECT ; 0                  ; 1                  ; 0                  ; 1          ;
; state.DRAWING_LINE ; 1                  ; 0                  ; 0                  ; 1          ;
+--------------------+--------------------+--------------------+--------------------+------------+


Encoding Type:  One-Hot
+----------------------------------------------------------------------------------------------------------+
; State Machine - |HardwareInvaders|VGA_Framebuffer:vga|VGA_RAMDAC:vga_fb|ram_state                        ;
+------------------------+------------------------+-------------------+-------------------+----------------+
; Name                   ; ram_state.RW_COMPLETED ; ram_state.WRITING ; ram_state.READING ; ram_state.IDLE ;
+------------------------+------------------------+-------------------+-------------------+----------------+
; ram_state.IDLE         ; 0                      ; 0                 ; 0                 ; 0              ;
; ram_state.READING      ; 0                      ; 0                 ; 1                 ; 1              ;
; ram_state.WRITING      ; 0                      ; 1                 ; 0                 ; 1              ;
; ram_state.RW_COMPLETED ; 1                      ; 0                 ; 0                 ; 1              ;
+------------------------+------------------------+-------------------+-------------------+----------------+


Encoding Type:  One-Hot
+----------------------------------------------------------------------------------------------+
; State Machine - |HardwareInvaders|VGA_Framebuffer:vga|VGA_Timing:vga_timing|v_state          ;
+---------------------+--------------+--------------------+--------------+---------------------+
; Name                ; v_state.DATA ; v_state.BACK_PORCH ; v_state.SYNC ; v_state.FRONT_PORCH ;
+---------------------+--------------+--------------------+--------------+---------------------+
; v_state.FRONT_PORCH ; 0            ; 0                  ; 0            ; 0                   ;
; v_state.SYNC        ; 0            ; 0                  ; 1            ; 1                   ;
; v_state.BACK_PORCH  ; 0            ; 1                  ; 0            ; 1                   ;
; v_state.DATA        ; 1            ; 0                  ; 0            ; 1                   ;
+---------------------+--------------+--------------------+--------------+---------------------+


Encoding Type:  One-Hot
+----------------------------------------------------------------------------------------------+
; State Machine - |HardwareInvaders|VGA_Framebuffer:vga|VGA_Timing:vga_timing|h_state          ;
+---------------------+--------------+--------------------+--------------+---------------------+
; Name                ; h_state.DATA ; h_state.BACK_PORCH ; h_state.SYNC ; h_state.FRONT_PORCH ;
+---------------------+--------------+--------------------+--------------+---------------------+
; h_state.FRONT_PORCH ; 0            ; 0                  ; 0            ; 0                   ;
; h_state.SYNC        ; 0            ; 0                  ; 1            ; 1                   ;
; h_state.BACK_PORCH  ; 0            ; 1                  ; 0            ; 1                   ;
; h_state.DATA        ; 1            ; 0                  ; 0            ; 1                   ;
+---------------------+--------------+--------------------+--------------+---------------------+


+-------------------------------------------------------------------------------------------------------------------+
; Registers Removed During Synthesis                                                                                ;
+---------------------------------------------------------------+---------------------------------------------------+
; Register name                                                 ; Reason for Removal                                ;
+---------------------------------------------------------------+---------------------------------------------------+
; View:view|FB_Y1[0]                                            ; Stuck at GND due to stuck port data_in            ;
; View:view|FB_X0[0,2,3,6..9]                                   ; Stuck at GND due to stuck port data_in            ;
; View:view|FB_X1[0,1,3,4,7..9]                                 ; Stuck at GND due to stuck port data_in            ;
; View:view|FB_Y0[0,2,3,6..8]                                   ; Stuck at GND due to stuck port data_in            ;
; View:view|FB_Y1[1,3,4,7,8]                                    ; Stuck at GND due to stuck port data_in            ;
; View:view|FB_COLOR[1..3,6,7,9,11]                             ; Merged with View:view|FB_COLOR[10]                ;
; View:view|FB_X0[4,5]                                          ; Merged with View:view|FB_X0[1]                    ;
; View:view|FB_X1[2,5,6]                                        ; Merged with View:view|FB_X0[1]                    ;
; View:view|FB_Y0[1,4,5]                                        ; Merged with View:view|FB_X0[1]                    ;
; View:view|FB_Y1[2,5,6]                                        ; Merged with View:view|FB_X0[1]                    ;
; VGA_Framebuffer:vga|latched_color[1..3,6,7,9,11]              ; Merged with VGA_Framebuffer:vga|latched_color[10] ;
; VGA_Framebuffer:vga|x_start[0,2,3,6..9]                       ; Stuck at GND due to stuck port data_in            ;
; VGA_Framebuffer:vga|y_start[0,2,3,6..8]                       ; Stuck at GND due to stuck port data_in            ;
; VGA_Framebuffer:vga|x_end[9]                                  ; Stuck at GND due to stuck port data_in            ;
; VGA_Framebuffer:vga|y_start[1,4]                              ; Merged with VGA_Framebuffer:vga|x_start[5]        ;
; VGA_Framebuffer:vga|y_end[5]                                  ; Merged with VGA_Framebuffer:vga|x_start[5]        ;
; VGA_Framebuffer:vga|x_start[1]                                ; Merged with VGA_Framebuffer:vga|x_start[5]        ;
; VGA_Framebuffer:vga|y_start[5]                                ; Merged with VGA_Framebuffer:vga|x_start[5]        ;
; VGA_Framebuffer:vga|x_start[4]                                ; Merged with VGA_Framebuffer:vga|x_start[5]        ;
; VGA_Framebuffer:vga|x_end[0,1,3,4,7]                          ; Merged with VGA_Framebuffer:vga|x_end[8]          ;
; VGA_Framebuffer:vga|y_end[0,1,3,4,7,8]                        ; Merged with VGA_Framebuffer:vga|x_end[8]          ;
; VGA_Framebuffer:vga|x_end[2]                                  ; Merged with VGA_Framebuffer:vga|x_end[6]          ;
; VGA_Framebuffer:vga|y_end[6]                                  ; Merged with VGA_Framebuffer:vga|x_end[6]          ;
; VGA_Framebuffer:vga|x_end[5]                                  ; Merged with VGA_Framebuffer:vga|x_end[6]          ;
; VGA_Framebuffer:vga|y_end[2]                                  ; Merged with VGA_Framebuffer:vga|x_end[6]          ;
; VGA_Framebuffer:vga|VGA_Timing:vga_timing|clock_count[2]      ; Stuck at GND due to stuck port data_in            ;
; View:view|FB_FLIP                                             ; Lost fanout                                       ;
; View:view|FB_DRAW_RECT                                        ; Lost fanout                                       ;
; VGA_Framebuffer:vga|flip_on_next_vs                           ; Stuck at GND due to stuck port data_in            ;
; VGA_Framebuffer:vga|fb_buffer_idx                             ; Stuck at GND due to stuck port clock_enable       ;
; VGA_Framebuffer:vga|substate.DRAWING                          ; Lost fanout                                       ;
; VGA_Framebuffer:vga|VGA_RAMDAC:vga_fb|ram_state.READING       ; Lost fanout                                       ;
; VGA_Framebuffer:vga|VGA_RAMDAC:vga_fb|ram_state.WRITING       ; Lost fanout                                       ;
; VGA_Framebuffer:vga|VGA_RAMDAC:vga_fb|ram_state.RW_COMPLETED  ; Lost fanout                                       ;
; VGA_Framebuffer:vga|VGA_Timing:vga_timing|v_state.FRONT_PORCH ; Lost fanout                                       ;
; VGA_Framebuffer:vga|VGA_Timing:vga_timing|v_state.BACK_PORCH  ; Lost fanout                                       ;
; VGA_Framebuffer:vga|VGA_Timing:vga_timing|h_state.FRONT_PORCH ; Lost fanout                                       ;
; VGA_Framebuffer:vga|VGA_Timing:vga_timing|h_state.BACK_PORCH  ; Lost fanout                                       ;
; VGA_Framebuffer:vga|VGA_RAMDAC:vga_fb|ram_state.IDLE          ; Stuck at GND due to stuck port data_in            ;
; VGA_Framebuffer:vga|state.DRAWING_RECT                        ; Stuck at GND due to stuck port data_in            ;
; View:view|state.DRAWING                                       ; Stuck at GND due to stuck port data_in            ;
; View:view|FB_CLEAR                                            ; Stuck at GND due to stuck port data_in            ;
; View:view|FB_X0[1]                                            ; Stuck at GND due to stuck port clock_enable       ;
; View:view|FB_COLOR[10]                                        ; Stuck at GND due to stuck port clock_enable       ;
; VGA_Framebuffer:vga|x_end[6,8]                                ; Stuck at GND due to stuck port data_in            ;
; VGA_Framebuffer:vga|x_start[5]                                ; Stuck at GND due to stuck port data_in            ;
; VGA_Framebuffer:vga|latched_color[10]                         ; Stuck at GND due to stuck port data_in            ;
; VGA_Framebuffer:vga|substate.DRAWING_R2                       ; Stuck at GND due to stuck port data_in            ;
; View:view|substate.DRAW                                       ; Stuck at GND due to stuck port data_in            ;
; View:view|substate.FLIP                                       ; Stuck at GND due to stuck port data_in            ;
; VGA_Framebuffer:vga|substate.DRAWING_R1                       ; Stuck at GND due to stuck port data_in            ;
; VGA_Framebuffer:vga|state.FILLING_RECT                        ; Stuck at GND due to stuck port data_in            ;
; VGA_Framebuffer:vga|VGA_Timing:vga_timing|h_pixel[9]          ; Lost fanout                                       ;
; Total Number of Removed Registers = 115                       ;                                                   ;
+---------------------------------------------------------------+---------------------------------------------------+


+--------------------------------------------------------------------------------------------------------------------------------------+
; Removed Registers Triggering Further Register Optimizations                                                                          ;
+----------------------------------------+---------------------------+-----------------------------------------------------------------+
; Register name                          ; Reason for Removal        ; Registers Removed due to This Register                          ;
+----------------------------------------+---------------------------+-----------------------------------------------------------------+
; View:view|state.DRAWING                ; Stuck at GND              ; View:view|FB_CLEAR, View:view|FB_X0[1], View:view|FB_COLOR[10], ;
;                                        ; due to stuck port data_in ; VGA_Framebuffer:vga|x_end[6], VGA_Framebuffer:vga|x_start[5],   ;
;                                        ;                           ; VGA_Framebuffer:vga|latched_color[10], View:view|substate.DRAW, ;
;                                        ;                           ; VGA_Framebuffer:vga|state.FILLING_RECT                          ;
; View:view|FB_Y1[0]                     ; Stuck at GND              ; View:view|FB_DRAW_RECT                                          ;
;                                        ; due to stuck port data_in ;                                                                 ;
; View:view|FB_X0[9]                     ; Stuck at GND              ; VGA_Framebuffer:vga|x_start[9]                                  ;
;                                        ; due to stuck port data_in ;                                                                 ;
; View:view|FB_X0[8]                     ; Stuck at GND              ; VGA_Framebuffer:vga|x_start[8]                                  ;
;                                        ; due to stuck port data_in ;                                                                 ;
; View:view|FB_X0[7]                     ; Stuck at GND              ; VGA_Framebuffer:vga|x_start[7]                                  ;
;                                        ; due to stuck port data_in ;                                                                 ;
; View:view|FB_X0[6]                     ; Stuck at GND              ; VGA_Framebuffer:vga|x_start[6]                                  ;
;                                        ; due to stuck port data_in ;                                                                 ;
; View:view|FB_X0[3]                     ; Stuck at GND              ; VGA_Framebuffer:vga|x_start[3]                                  ;
;                                        ; due to stuck port data_in ;                                                                 ;
; View:view|FB_X0[2]                     ; Stuck at GND              ; VGA_Framebuffer:vga|x_start[2]                                  ;
;                                        ; due to stuck port data_in ;                                                                 ;
; View:view|FB_X0[0]                     ; Stuck at GND              ; VGA_Framebuffer:vga|x_start[0]                                  ;
;                                        ; due to stuck port data_in ;                                                                 ;
; View:view|FB_X1[9]                     ; Stuck at GND              ; VGA_Framebuffer:vga|x_end[9]                                    ;
;                                        ; due to stuck port data_in ;                                                                 ;
; View:view|FB_X1[8]                     ; Stuck at GND              ; VGA_Framebuffer:vga|x_end[8]                                    ;
;                                        ; due to stuck port data_in ;                                                                 ;
; View:view|FB_Y0[8]                     ; Stuck at GND              ; VGA_Framebuffer:vga|y_start[8]                                  ;
;                                        ; due to stuck port data_in ;                                                                 ;
; View:view|FB_Y0[7]                     ; Stuck at GND              ; VGA_Framebuffer:vga|y_start[7]                                  ;
;                                        ; due to stuck port data_in ;                                                                 ;
; View:view|FB_Y0[6]                     ; Stuck at GND              ; VGA_Framebuffer:vga|y_start[6]                                  ;
;                                        ; due to stuck port data_in ;                                                                 ;
; View:view|FB_Y0[3]                     ; Stuck at GND              ; VGA_Framebuffer:vga|y_start[3]                                  ;
;                                        ; due to stuck port data_in ;                                                                 ;
; View:view|FB_Y0[2]                     ; Stuck at GND              ; VGA_Framebuffer:vga|y_start[2]                                  ;
;                                        ; due to stuck port data_in ;                                                                 ;
; View:view|FB_Y0[0]                     ; Stuck at GND              ; VGA_Framebuffer:vga|y_start[0]                                  ;
;                                        ; due to stuck port data_in ;                                                                 ;
; VGA_Framebuffer:vga|flip_on_next_vs    ; Stuck at GND              ; VGA_Framebuffer:vga|fb_buffer_idx                               ;
;                                        ; due to stuck port data_in ;                                                                 ;
; VGA_Framebuffer:vga|state.DRAWING_RECT ; Stuck at GND              ; VGA_Framebuffer:vga|substate.DRAWING_R1                         ;
;                                        ; due to stuck port data_in ;                                                                 ;
+----------------------------------------+---------------------------+-----------------------------------------------------------------+


+------------------------------------------------------+
; General Register Statistics                          ;
+----------------------------------------------+-------+
; Statistic                                    ; Value ;
+----------------------------------------------+-------+
; Total registers                              ; 78    ;
; Number of registers using Synchronous Clear  ; 27    ;
; Number of registers using Synchronous Load   ; 0     ;
; Number of registers using Asynchronous Clear ; 56    ;
; Number of registers using Asynchronous Load  ; 0     ;
; Number of registers using Clock Enable       ; 70    ;
; Number of registers using Preset             ; 0     ;
+----------------------------------------------+-------+


+-----------------------------------------------------------------------------------------------------------------------------------------------------------------------------------+
; Multiplexer Restructuring Statistics (Restructuring Performed)                                                                                                                    ;
+--------------------+-----------+---------------+----------------------+------------------------+------------+---------------------------------------------------------------------+
; Multiplexer Inputs ; Bus Width ; Baseline Area ; Area if Restructured ; Saving if Restructured ; Registered ; Example Multiplexer Output                                          ;
+--------------------+-----------+---------------+----------------------+------------------------+------------+---------------------------------------------------------------------+
; 5:1                ; 2 bits    ; 6 LEs         ; 2 LEs                ; 4 LEs                  ; Yes        ; |HardwareInvaders|VGA_Framebuffer:vga|x_end[6]                      ;
; 12:1               ; 6 bits    ; 48 LEs        ; 12 LEs               ; 36 LEs                 ; Yes        ; |HardwareInvaders|VGA_Framebuffer:vga|y_cursor[3]                   ;
; 12:1               ; 3 bits    ; 24 LEs        ; 6 LEs                ; 18 LEs                 ; Yes        ; |HardwareInvaders|VGA_Framebuffer:vga|y_cursor[1]                   ;
; 14:1               ; 7 bits    ; 63 LEs        ; 14 LEs               ; 49 LEs                 ; Yes        ; |HardwareInvaders|VGA_Framebuffer:vga|x_cursor[2]                   ;
; 14:1               ; 3 bits    ; 27 LEs        ; 6 LEs                ; 21 LEs                 ; Yes        ; |HardwareInvaders|VGA_Framebuffer:vga|x_cursor[1]                   ;
; 3:1                ; 2 bits    ; 4 LEs         ; 4 LEs                ; 0 LEs                  ; No         ; |HardwareInvaders|VGA_Framebuffer:vga|VGA_RAMDAC:vga_fb|SRAM_UB_N   ;
; 6:1                ; 4 bits    ; 16 LEs        ; 12 LEs               ; 4 LEs                  ; No         ; |HardwareInvaders|VGA_Framebuffer:vga|VGA_Timing:vga_timing|v_state ;
; 6:1                ; 4 bits    ; 16 LEs        ; 12 LEs               ; 4 LEs                  ; No         ; |HardwareInvaders|VGA_Framebuffer:vga|VGA_Timing:vga_timing|h_state ;
; 14:1               ; 2 bits    ; 18 LEs        ; 6 LEs                ; 12 LEs                 ; No         ; |HardwareInvaders|VGA_Framebuffer:vga|substate.DRAWING_R2           ;
; 17:1               ; 4 bits    ; 44 LEs        ; 8 LEs                ; 36 LEs                 ; No         ; |HardwareInvaders|VGA_Framebuffer:vga|Selector3                     ;
+--------------------+-----------+---------------+----------------------+------------------------+------------+---------------------------------------------------------------------+


+------------------------------------------------------------------------------+
; Parameter Settings for User Entity Instance: PLL:pll|altpll:altpll_component ;
+-------------------------------+-----------------------+----------------------+
; Parameter Name                ; Value                 ; Type                 ;
+-------------------------------+-----------------------+----------------------+
; OPERATION_MODE                ; NORMAL                ; Untyped              ;
; PLL_TYPE                      ; AUTO                  ; Untyped              ;
; LPM_HINT                      ; CBX_MODULE_PREFIX=PLL ; Untyped              ;
; QUALIFY_CONF_DONE             ; OFF                   ; Untyped              ;
; COMPENSATE_CLOCK              ; CLK0                  ; Untyped              ;
; SCAN_CHAIN                    ; LONG                  ; Untyped              ;
; PRIMARY_CLOCK                 ; INCLK0                ; Untyped              ;
; INCLK0_INPUT_FREQUENCY        ; 20000                 ; Signed Integer       ;
; INCLK1_INPUT_FREQUENCY        ; 0                     ; Untyped              ;
; GATE_LOCK_SIGNAL              ; NO                    ; Untyped              ;
; GATE_LOCK_COUNTER             ; 0                     ; Untyped              ;
; LOCK_HIGH                     ; 1                     ; Untyped              ;
; LOCK_LOW                      ; 1                     ; Untyped              ;
; VALID_LOCK_MULTIPLIER         ; 1                     ; Untyped              ;
; INVALID_LOCK_MULTIPLIER       ; 5                     ; Untyped              ;
; SWITCH_OVER_ON_LOSSCLK        ; OFF                   ; Untyped              ;
; SWITCH_OVER_ON_GATED_LOCK     ; OFF                   ; Untyped              ;
; ENABLE_SWITCH_OVER_COUNTER    ; OFF                   ; Untyped              ;
; SKIP_VCO                      ; OFF                   ; Untyped              ;
; SWITCH_OVER_COUNTER           ; 0                     ; Untyped              ;
; SWITCH_OVER_TYPE              ; AUTO                  ; Untyped              ;
; FEEDBACK_SOURCE               ; EXTCLK0               ; Untyped              ;
; BANDWIDTH                     ; 0                     ; Untyped              ;
; BANDWIDTH_TYPE                ; AUTO                  ; Untyped              ;
; SPREAD_FREQUENCY              ; 0                     ; Untyped              ;
; DOWN_SPREAD                   ; 0                     ; Untyped              ;
; SELF_RESET_ON_GATED_LOSS_LOCK ; OFF                   ; Untyped              ;
; SELF_RESET_ON_LOSS_LOCK       ; OFF                   ; Untyped              ;
; CLK9_MULTIPLY_BY              ; 0                     ; Untyped              ;
; CLK8_MULTIPLY_BY              ; 0                     ; Untyped              ;
; CLK7_MULTIPLY_BY              ; 0                     ; Untyped              ;
; CLK6_MULTIPLY_BY              ; 0                     ; Untyped              ;
; CLK5_MULTIPLY_BY              ; 1                     ; Untyped              ;
; CLK4_MULTIPLY_BY              ; 1                     ; Untyped              ;
; CLK3_MULTIPLY_BY              ; 1                     ; Untyped              ;
; CLK2_MULTIPLY_BY              ; 1                     ; Untyped              ;
; CLK1_MULTIPLY_BY              ; 1                     ; Signed Integer       ;
; CLK0_MULTIPLY_BY              ; 2                     ; Signed Integer       ;
; CLK9_DIVIDE_BY                ; 0                     ; Untyped              ;
; CLK8_DIVIDE_BY                ; 0                     ; Untyped              ;
; CLK7_DIVIDE_BY                ; 0                     ; Untyped              ;
; CLK6_DIVIDE_BY                ; 0                     ; Untyped              ;
; CLK5_DIVIDE_BY                ; 1                     ; Untyped              ;
; CLK4_DIVIDE_BY                ; 1                     ; Untyped              ;
; CLK3_DIVIDE_BY                ; 1                     ; Untyped              ;
; CLK2_DIVIDE_BY                ; 1                     ; Untyped              ;
; CLK1_DIVIDE_BY                ; 1                     ; Signed Integer       ;
; CLK0_DIVIDE_BY                ; 1                     ; Signed Integer       ;
; CLK9_PHASE_SHIFT              ; 0                     ; Untyped              ;
; CLK8_PHASE_SHIFT              ; 0                     ; Untyped              ;
; CLK7_PHASE_SHIFT              ; 0                     ; Untyped              ;
; CLK6_PHASE_SHIFT              ; 0                     ; Untyped              ;
; CLK5_PHASE_SHIFT              ; 0                     ; Untyped              ;
; CLK4_PHASE_SHIFT              ; 0                     ; Untyped              ;
; CLK3_PHASE_SHIFT              ; 0                     ; Untyped              ;
; CLK2_PHASE_SHIFT              ; 0                     ; Untyped              ;
; CLK1_PHASE_SHIFT              ; 0                     ; Untyped              ;
; CLK0_PHASE_SHIFT              ; 0                     ; Untyped              ;
; CLK5_TIME_DELAY               ; 0                     ; Untyped              ;
; CLK4_TIME_DELAY               ; 0                     ; Untyped              ;
; CLK3_TIME_DELAY               ; 0                     ; Untyped              ;
; CLK2_TIME_DELAY               ; 0                     ; Untyped              ;
; CLK1_TIME_DELAY               ; 0                     ; Untyped              ;
; CLK0_TIME_DELAY               ; 0                     ; Untyped              ;
; CLK9_DUTY_CYCLE               ; 50                    ; Untyped              ;
; CLK8_DUTY_CYCLE               ; 50                    ; Untyped              ;
; CLK7_DUTY_CYCLE               ; 50                    ; Untyped              ;
; CLK6_DUTY_CYCLE               ; 50                    ; Untyped              ;
; CLK5_DUTY_CYCLE               ; 50                    ; Untyped              ;
; CLK4_DUTY_CYCLE               ; 50                    ; Untyped              ;
; CLK3_DUTY_CYCLE               ; 50                    ; Untyped              ;
; CLK2_DUTY_CYCLE               ; 50                    ; Untyped              ;
; CLK1_DUTY_CYCLE               ; 50                    ; Signed Integer       ;
; CLK0_DUTY_CYCLE               ; 50                    ; Signed Integer       ;
; CLK9_USE_EVEN_COUNTER_MODE    ; OFF                   ; Untyped              ;
; CLK8_USE_EVEN_COUNTER_MODE    ; OFF                   ; Untyped              ;
; CLK7_USE_EVEN_COUNTER_MODE    ; OFF                   ; Untyped              ;
; CLK6_USE_EVEN_COUNTER_MODE    ; OFF                   ; Untyped              ;
; CLK5_USE_EVEN_COUNTER_MODE    ; OFF                   ; Untyped              ;
; CLK4_USE_EVEN_COUNTER_MODE    ; OFF                   ; Untyped              ;
; CLK3_USE_EVEN_COUNTER_MODE    ; OFF                   ; Untyped              ;
; CLK2_USE_EVEN_COUNTER_MODE    ; OFF                   ; Untyped              ;
; CLK1_USE_EVEN_COUNTER_MODE    ; OFF                   ; Untyped              ;
; CLK0_USE_EVEN_COUNTER_MODE    ; OFF                   ; Untyped              ;
; CLK9_USE_EVEN_COUNTER_VALUE   ; OFF                   ; Untyped              ;
; CLK8_USE_EVEN_COUNTER_VALUE   ; OFF                   ; Untyped              ;
; CLK7_USE_EVEN_COUNTER_VALUE   ; OFF                   ; Untyped              ;
; CLK6_USE_EVEN_COUNTER_VALUE   ; OFF                   ; Untyped              ;
; CLK5_USE_EVEN_COUNTER_VALUE   ; OFF                   ; Untyped              ;
; CLK4_USE_EVEN_COUNTER_VALUE   ; OFF                   ; Untyped              ;
; CLK3_USE_EVEN_COUNTER_VALUE   ; OFF                   ; Untyped              ;
; CLK2_USE_EVEN_COUNTER_VALUE   ; OFF                   ; Untyped              ;
; CLK1_USE_EVEN_COUNTER_VALUE   ; OFF                   ; Untyped              ;
; CLK0_USE_EVEN_COUNTER_VALUE   ; OFF                   ; Untyped              ;
; LOCK_WINDOW_UI                ;  0.05                 ; Untyped              ;
; LOCK_WINDOW_UI_BITS           ; UNUSED                ; Untyped              ;
; VCO_RANGE_DETECTOR_LOW_BITS   ; UNUSED                ; Untyped              ;
; VCO_RANGE_DETECTOR_HIGH_BITS  ; UNUSED                ; Untyped              ;
; DPA_MULTIPLY_BY               ; 0                     ; Untyped              ;
; DPA_DIVIDE_BY                 ; 1                     ; Untyped              ;
; DPA_DIVIDER                   ; 0                     ; Untyped              ;
; EXTCLK3_MULTIPLY_BY           ; 1                     ; Untyped              ;
; EXTCLK2_MULTIPLY_BY           ; 1                     ; Untyped              ;
; EXTCLK1_MULTIPLY_BY           ; 1                     ; Untyped              ;
; EXTCLK0_MULTIPLY_BY           ; 1                     ; Untyped              ;
; EXTCLK3_DIVIDE_BY             ; 1                     ; Untyped              ;
; EXTCLK2_DIVIDE_BY             ; 1                     ; Untyped              ;
; EXTCLK1_DIVIDE_BY             ; 1                     ; Untyped              ;
; EXTCLK0_DIVIDE_BY             ; 1                     ; Untyped              ;
; EXTCLK3_PHASE_SHIFT           ; 0                     ; Untyped              ;
; EXTCLK2_PHASE_SHIFT           ; 0                     ; Untyped              ;
; EXTCLK1_PHASE_SHIFT           ; 0                     ; Untyped              ;
; EXTCLK0_PHASE_SHIFT           ; 0                     ; Untyped              ;
; EXTCLK3_TIME_DELAY            ; 0                     ; Untyped              ;
; EXTCLK2_TIME_DELAY            ; 0                     ; Untyped              ;
; EXTCLK1_TIME_DELAY            ; 0                     ; Untyped              ;
; EXTCLK0_TIME_DELAY            ; 0                     ; Untyped              ;
; EXTCLK3_DUTY_CYCLE            ; 50                    ; Untyped              ;
; EXTCLK2_DUTY_CYCLE            ; 50                    ; Untyped              ;
; EXTCLK1_DUTY_CYCLE            ; 50                    ; Untyped              ;
; EXTCLK0_DUTY_CYCLE            ; 50                    ; Untyped              ;
; VCO_MULTIPLY_BY               ; 0                     ; Untyped              ;
; VCO_DIVIDE_BY                 ; 0                     ; Untyped              ;
; SCLKOUT0_PHASE_SHIFT          ; 0                     ; Untyped              ;
; SCLKOUT1_PHASE_SHIFT          ; 0                     ; Untyped              ;
; VCO_MIN                       ; 0                     ; Untyped              ;
; VCO_MAX                       ; 0                     ; Untyped              ;
; VCO_CENTER                    ; 0                     ; Untyped              ;
; PFD_MIN                       ; 0                     ; Untyped              ;
; PFD_MAX                       ; 0                     ; Untyped              ;
; M_INITIAL                     ; 0                     ; Untyped              ;
; M                             ; 0                     ; Untyped              ;
; N                             ; 1                     ; Untyped              ;
; M2                            ; 1                     ; Untyped              ;
; N2                            ; 1                     ; Untyped              ;
; SS                            ; 1                     ; Untyped              ;
; C0_HIGH                       ; 0                     ; Untyped              ;
; C1_HIGH                       ; 0                     ; Untyped              ;
; C2_HIGH                       ; 0                     ; Untyped              ;
; C3_HIGH                       ; 0                     ; Untyped              ;
; C4_HIGH                       ; 0                     ; Untyped              ;
; C5_HIGH                       ; 0                     ; Untyped              ;
; C6_HIGH                       ; 0                     ; Untyped              ;
; C7_HIGH                       ; 0                     ; Untyped              ;
; C8_HIGH                       ; 0                     ; Untyped              ;
; C9_HIGH                       ; 0                     ; Untyped              ;
; C0_LOW                        ; 0                     ; Untyped              ;
; C1_LOW                        ; 0                     ; Untyped              ;
; C2_LOW                        ; 0                     ; Untyped              ;
; C3_LOW                        ; 0                     ; Untyped              ;
; C4_LOW                        ; 0                     ; Untyped              ;
; C5_LOW                        ; 0                     ; Untyped              ;
; C6_LOW                        ; 0                     ; Untyped              ;
; C7_LOW                        ; 0                     ; Untyped              ;
; C8_LOW                        ; 0                     ; Untyped              ;
; C9_LOW                        ; 0                     ; Untyped              ;
; C0_INITIAL                    ; 0                     ; Untyped              ;
; C1_INITIAL                    ; 0                     ; Untyped              ;
; C2_INITIAL                    ; 0                     ; Untyped              ;
; C3_INITIAL                    ; 0                     ; Untyped              ;
; C4_INITIAL                    ; 0                     ; Untyped              ;
; C5_INITIAL                    ; 0                     ; Untyped              ;
; C6_INITIAL                    ; 0                     ; Untyped              ;
; C7_INITIAL                    ; 0                     ; Untyped              ;
; C8_INITIAL                    ; 0                     ; Untyped              ;
; C9_INITIAL                    ; 0                     ; Untyped              ;
; C0_MODE                       ; BYPASS                ; Untyped              ;
; C1_MODE                       ; BYPASS                ; Untyped              ;
; C2_MODE                       ; BYPASS                ; Untyped              ;
; C3_MODE                       ; BYPASS                ; Untyped              ;
; C4_MODE                       ; BYPASS                ; Untyped              ;
; C5_MODE                       ; BYPASS                ; Untyped              ;
; C6_MODE                       ; BYPASS                ; Untyped              ;
; C7_MODE                       ; BYPASS                ; Untyped              ;
; C8_MODE                       ; BYPASS                ; Untyped              ;
; C9_MODE                       ; BYPASS                ; Untyped              ;
; C0_PH                         ; 0                     ; Untyped              ;
; C1_PH                         ; 0                     ; Untyped              ;
; C2_PH                         ; 0                     ; Untyped              ;
; C3_PH                         ; 0                     ; Untyped              ;
; C4_PH                         ; 0                     ; Untyped              ;
; C5_PH                         ; 0                     ; Untyped              ;
; C6_PH                         ; 0                     ; Untyped              ;
; C7_PH                         ; 0                     ; Untyped              ;
; C8_PH                         ; 0                     ; Untyped              ;
; C9_PH                         ; 0                     ; Untyped              ;
; L0_HIGH                       ; 1                     ; Untyped              ;
; L1_HIGH                       ; 1                     ; Untyped              ;
; G0_HIGH                       ; 1                     ; Untyped              ;
; G1_HIGH                       ; 1                     ; Untyped              ;
; G2_HIGH                       ; 1                     ; Untyped              ;
; G3_HIGH                       ; 1                     ; Untyped              ;
; E0_HIGH                       ; 1                     ; Untyped              ;
; E1_HIGH                       ; 1                     ; Untyped              ;
; E2_HIGH                       ; 1                     ; Untyped              ;
; E3_HIGH                       ; 1                     ; Untyped              ;
; L0_LOW                        ; 1                     ; Untyped              ;
; L1_LOW                        ; 1                     ; Untyped              ;
; G0_LOW                        ; 1                     ; Untyped              ;
; G1_LOW                        ; 1                     ; Untyped              ;
; G2_LOW                        ; 1                     ; Untyped              ;
; G3_LOW                        ; 1                     ; Untyped              ;
; E0_LOW                        ; 1                     ; Untyped              ;
; E1_LOW                        ; 1                     ; Untyped              ;
; E2_LOW                        ; 1                     ; Untyped              ;
; E3_LOW                        ; 1                     ; Untyped              ;
; L0_INITIAL                    ; 1                     ; Untyped              ;
; L1_INITIAL                    ; 1                     ; Untyped              ;
; G0_INITIAL                    ; 1                     ; Untyped              ;
; G1_INITIAL                    ; 1                     ; Untyped              ;
; G2_INITIAL                    ; 1                     ; Untyped              ;
; G3_INITIAL                    ; 1                     ; Untyped              ;
; E0_INITIAL                    ; 1                     ; Untyped              ;
; E1_INITIAL                    ; 1                     ; Untyped              ;
; E2_INITIAL                    ; 1                     ; Untyped              ;
; E3_INITIAL                    ; 1                     ; Untyped              ;
; L0_MODE                       ; BYPASS                ; Untyped              ;
; L1_MODE                       ; BYPASS                ; Untyped              ;
; G0_MODE                       ; BYPASS                ; Untyped              ;
; G1_MODE                       ; BYPASS                ; Untyped              ;
; G2_MODE                       ; BYPASS                ; Untyped              ;
; G3_MODE                       ; BYPASS                ; Untyped              ;
; E0_MODE                       ; BYPASS                ; Untyped              ;
; E1_MODE                       ; BYPASS                ; Untyped              ;
; E2_MODE                       ; BYPASS                ; Untyped              ;
; E3_MODE                       ; BYPASS                ; Untyped              ;
; L0_PH                         ; 0                     ; Untyped              ;
; L1_PH                         ; 0                     ; Untyped              ;
; G0_PH                         ; 0                     ; Untyped              ;
; G1_PH                         ; 0                     ; Untyped              ;
; G2_PH                         ; 0                     ; Untyped              ;
; G3_PH                         ; 0                     ; Untyped              ;
; E0_PH                         ; 0                     ; Untyped              ;
; E1_PH                         ; 0                     ; Untyped              ;
; E2_PH                         ; 0                     ; Untyped              ;
; E3_PH                         ; 0                     ; Untyped              ;
; M_PH                          ; 0                     ; Untyped              ;
; C1_USE_CASC_IN                ; OFF                   ; Untyped              ;
; C2_USE_CASC_IN                ; OFF                   ; Untyped              ;
; C3_USE_CASC_IN                ; OFF                   ; Untyped              ;
; C4_USE_CASC_IN                ; OFF                   ; Untyped              ;
; C5_USE_CASC_IN                ; OFF                   ; Untyped              ;
; C6_USE_CASC_IN                ; OFF                   ; Untyped              ;
; C7_USE_CASC_IN                ; OFF                   ; Untyped              ;
; C8_USE_CASC_IN                ; OFF                   ; Untyped              ;
; C9_USE_CASC_IN                ; OFF                   ; Untyped              ;
; CLK0_COUNTER                  ; G0                    ; Untyped              ;
; CLK1_COUNTER                  ; G0                    ; Untyped              ;
; CLK2_COUNTER                  ; G0                    ; Untyped              ;
; CLK3_COUNTER                  ; G0                    ; Untyped              ;
; CLK4_COUNTER                  ; G0                    ; Untyped              ;
; CLK5_COUNTER                  ; G0                    ; Untyped              ;
; CLK6_COUNTER                  ; E0                    ; Untyped              ;
; CLK7_COUNTER                  ; E1                    ; Untyped              ;
; CLK8_COUNTER                  ; E2                    ; Untyped              ;
; CLK9_COUNTER                  ; E3                    ; Untyped              ;
; L0_TIME_DELAY                 ; 0                     ; Untyped              ;
; L1_TIME_DELAY                 ; 0                     ; Untyped              ;
; G0_TIME_DELAY                 ; 0                     ; Untyped              ;
; G1_TIME_DELAY                 ; 0                     ; Untyped              ;
; G2_TIME_DELAY                 ; 0                     ; Untyped              ;
; G3_TIME_DELAY                 ; 0                     ; Untyped              ;
; E0_TIME_DELAY                 ; 0                     ; Untyped              ;
; E1_TIME_DELAY                 ; 0                     ; Untyped              ;
; E2_TIME_DELAY                 ; 0                     ; Untyped              ;
; E3_TIME_DELAY                 ; 0                     ; Untyped              ;
; M_TIME_DELAY                  ; 0                     ; Untyped              ;
; N_TIME_DELAY                  ; 0                     ; Untyped              ;
; EXTCLK3_COUNTER               ; E3                    ; Untyped              ;
; EXTCLK2_COUNTER               ; E2                    ; Untyped              ;
; EXTCLK1_COUNTER               ; E1                    ; Untyped              ;
; EXTCLK0_COUNTER               ; E0                    ; Untyped              ;
; ENABLE0_COUNTER               ; L0                    ; Untyped              ;
; ENABLE1_COUNTER               ; L0                    ; Untyped              ;
; CHARGE_PUMP_CURRENT           ; 2                     ; Untyped              ;
; LOOP_FILTER_R                 ;  1.000000             ; Untyped              ;
; LOOP_FILTER_C                 ; 5                     ; Untyped              ;
; CHARGE_PUMP_CURRENT_BITS      ; 9999                  ; Untyped              ;
; LOOP_FILTER_R_BITS            ; 9999                  ; Untyped              ;
; LOOP_FILTER_C_BITS            ; 9999                  ; Untyped              ;
; VCO_POST_SCALE                ; 0                     ; Untyped              ;
; CLK2_OUTPUT_FREQUENCY         ; 0                     ; Untyped              ;
; CLK1_OUTPUT_FREQUENCY         ; 0                     ; Untyped              ;
; CLK0_OUTPUT_FREQUENCY         ; 0                     ; Untyped              ;
; INTENDED_DEVICE_FAMILY        ; Cyclone II            ; Untyped              ;
; PORT_CLKENA0                  ; PORT_UNUSED           ; Untyped              ;
; PORT_CLKENA1                  ; PORT_UNUSED           ; Untyped              ;
; PORT_CLKENA2                  ; PORT_UNUSED           ; Untyped              ;
; PORT_CLKENA3                  ; PORT_UNUSED           ; Untyped              ;
; PORT_CLKENA4                  ; PORT_UNUSED           ; Untyped              ;
; PORT_CLKENA5                  ; PORT_UNUSED           ; Untyped              ;
; PORT_EXTCLKENA0               ; PORT_CONNECTIVITY     ; Untyped              ;
; PORT_EXTCLKENA1               ; PORT_CONNECTIVITY     ; Untyped              ;
; PORT_EXTCLKENA2               ; PORT_CONNECTIVITY     ; Untyped              ;
; PORT_EXTCLKENA3               ; PORT_CONNECTIVITY     ; Untyped              ;
; PORT_EXTCLK0                  ; PORT_UNUSED           ; Untyped              ;
; PORT_EXTCLK1                  ; PORT_UNUSED           ; Untyped              ;
; PORT_EXTCLK2                  ; PORT_UNUSED           ; Untyped              ;
; PORT_EXTCLK3                  ; PORT_UNUSED           ; Untyped              ;
; PORT_CLKBAD0                  ; PORT_UNUSED           ; Untyped              ;
; PORT_CLKBAD1                  ; PORT_UNUSED           ; Untyped              ;
; PORT_CLK0                     ; PORT_USED             ; Untyped              ;
; PORT_CLK1                     ; PORT_USED             ; Untyped              ;
; PORT_CLK2                     ; PORT_UNUSED           ; Untyped              ;
; PORT_CLK3                     ; PORT_UNUSED           ; Untyped              ;
; PORT_CLK4                     ; PORT_UNUSED           ; Untyped              ;
; PORT_CLK5                     ; PORT_UNUSED           ; Untyped              ;
; PORT_CLK6                     ; PORT_UNUSED           ; Untyped              ;
; PORT_CLK7                     ; PORT_UNUSED           ; Untyped              ;
; PORT_CLK8                     ; PORT_UNUSED           ; Untyped              ;
; PORT_CLK9                     ; PORT_UNUSED           ; Untyped              ;
; PORT_SCANDATA                 ; PORT_UNUSED           ; Untyped              ;
; PORT_SCANDATAOUT              ; PORT_UNUSED           ; Untyped              ;
; PORT_SCANDONE                 ; PORT_UNUSED           ; Untyped              ;
; PORT_SCLKOUT1                 ; PORT_CONNECTIVITY     ; Untyped              ;
; PORT_SCLKOUT0                 ; PORT_CONNECTIVITY     ; Untyped              ;
; PORT_ACTIVECLOCK              ; PORT_UNUSED           ; Untyped              ;
; PORT_CLKLOSS                  ; PORT_UNUSED           ; Untyped              ;
; PORT_INCLK1                   ; PORT_UNUSED           ; Untyped              ;
; PORT_INCLK0                   ; PORT_USED             ; Untyped              ;
; PORT_FBIN                     ; PORT_UNUSED           ; Untyped              ;
; PORT_PLLENA                   ; PORT_UNUSED           ; Untyped              ;
; PORT_CLKSWITCH                ; PORT_UNUSED           ; Untyped              ;
; PORT_ARESET                   ; PORT_UNUSED           ; Untyped              ;
; PORT_PFDENA                   ; PORT_UNUSED           ; Untyped              ;
; PORT_SCANCLK                  ; PORT_UNUSED           ; Untyped              ;
; PORT_SCANACLR                 ; PORT_UNUSED           ; Untyped              ;
; PORT_SCANREAD                 ; PORT_UNUSED           ; Untyped              ;
; PORT_SCANWRITE                ; PORT_UNUSED           ; Untyped              ;
; PORT_ENABLE0                  ; PORT_CONNECTIVITY     ; Untyped              ;
; PORT_ENABLE1                  ; PORT_CONNECTIVITY     ; Untyped              ;
; PORT_LOCKED                   ; PORT_UNUSED           ; Untyped              ;
; PORT_CONFIGUPDATE             ; PORT_UNUSED           ; Untyped              ;
; PORT_FBOUT                    ; PORT_CONNECTIVITY     ; Untyped              ;
; PORT_PHASEDONE                ; PORT_UNUSED           ; Untyped              ;
; PORT_PHASESTEP                ; PORT_UNUSED           ; Untyped              ;
; PORT_PHASEUPDOWN              ; PORT_UNUSED           ; Untyped              ;
; PORT_SCANCLKENA               ; PORT_UNUSED           ; Untyped              ;
; PORT_PHASECOUNTERSELECT       ; PORT_UNUSED           ; Untyped              ;
; PORT_VCOOVERRANGE             ; PORT_CONNECTIVITY     ; Untyped              ;
; PORT_VCOUNDERRANGE            ; PORT_CONNECTIVITY     ; Untyped              ;
; M_TEST_SOURCE                 ; 5                     ; Untyped              ;
; C0_TEST_SOURCE                ; 5                     ; Untyped              ;
; C1_TEST_SOURCE                ; 5                     ; Untyped              ;
; C2_TEST_SOURCE                ; 5                     ; Untyped              ;
; C3_TEST_SOURCE                ; 5                     ; Untyped              ;
; C4_TEST_SOURCE                ; 5                     ; Untyped              ;
; C5_TEST_SOURCE                ; 5                     ; Untyped              ;
; C6_TEST_SOURCE                ; 5                     ; Untyped              ;
; C7_TEST_SOURCE                ; 5                     ; Untyped              ;
; C8_TEST_SOURCE                ; 5                     ; Untyped              ;
; C9_TEST_SOURCE                ; 5                     ; Untyped              ;
; CBXI_PARAMETER                ; NOTHING               ; Untyped              ;
; VCO_FREQUENCY_CONTROL         ; AUTO                  ; Untyped              ;
; VCO_PHASE_SHIFT_STEP          ; 0                     ; Untyped              ;
; WIDTH_CLOCK                   ; 6                     ; Untyped              ;
; WIDTH_PHASECOUNTERSELECT      ; 4                     ; Untyped              ;
; USING_FBMIMICBIDIR_PORT       ; OFF                   ; Untyped              ;
; DEVICE_FAMILY                 ; Cyclone II            ; Untyped              ;
; SCAN_CHAIN_MIF_FILE           ; UNUSED                ; Untyped              ;
; SIM_GATE_LOCK_DEVICE_BEHAVIOR ; OFF                   ; Untyped              ;
; AUTO_CARRY_CHAINS             ; ON                    ; AUTO_CARRY           ;
; IGNORE_CARRY_BUFFERS          ; OFF                   ; IGNORE_CARRY         ;
; AUTO_CASCADE_CHAINS           ; ON                    ; AUTO_CASCADE         ;
; IGNORE_CASCADE_BUFFERS        ; OFF                   ; IGNORE_CASCADE       ;
+-------------------------------+-----------------------+----------------------+
Note: In order to hide this table in the UI and the text report file, please set the "Show Parameter Settings in Synthesis Report" option in "Analysis and Synthesis Settings -> More Settings" to "Off".


+------------------------------------------------------------------+
; Parameter Settings for User Entity Instance: VGA_Framebuffer:vga ;
+----------------+-------+-----------------------------------------+
; Parameter Name ; Value ; Type                                    ;
+----------------+-------+-----------------------------------------+
; screen_width   ; 512   ; Signed Integer                          ;
; screen_height  ; 480   ; Signed Integer                          ;
; color_depth    ; 12    ; Signed Integer                          ;
+----------------+-------+-----------------------------------------+
Note: In order to hide this table in the UI and the text report file, please set the "Show Parameter Settings in Synthesis Report" option in "Analysis and Synthesis Settings -> More Settings" to "Off".


+----------------------------------------------------------------------------------------+
; Parameter Settings for User Entity Instance: VGA_Framebuffer:vga|VGA_Timing:vga_timing ;
+----------------+-------+---------------------------------------------------------------+
; Parameter Name ; Value ; Type                                                          ;
+----------------+-------+---------------------------------------------------------------+
; clock_div      ; 4     ; Signed Integer                                                ;
; h_disp         ; 512   ; Signed Integer                                                ;
; h_front_porch  ; 80    ; Signed Integer                                                ;
; h_sync_len     ; 96    ; Signed Integer                                                ;
; h_back_porch   ; 112   ; Signed Integer                                                ;
; v_disp         ; 480   ; Signed Integer                                                ;
; v_front_porch  ; 11    ; Signed Integer                                                ;
; v_sync_len     ; 2     ; Signed Integer                                                ;
; v_back_porch   ; 34    ; Signed Integer                                                ;
+----------------+-------+---------------------------------------------------------------+
Note: In order to hide this table in the UI and the text report file, please set the "Show Parameter Settings in Synthesis Report" option in "Analysis and Synthesis Settings -> More Settings" to "Off".


+------------------------------------------------------------------------------------+
; Parameter Settings for User Entity Instance: VGA_Framebuffer:vga|VGA_RAMDAC:vga_fb ;
+----------------+-------+-----------------------------------------------------------+
; Parameter Name ; Value ; Type                                                      ;
+----------------+-------+-----------------------------------------------------------+
; fb_width       ; 512   ; Signed Integer                                            ;
; fb_height      ; 480   ; Signed Integer                                            ;
; fb_depth       ; 12    ; Signed Integer                                            ;
+----------------+-------+-----------------------------------------------------------+
Note: In order to hide this table in the UI and the text report file, please set the "Show Parameter Settings in Synthesis Report" option in "Analysis and Synthesis Settings -> More Settings" to "Off".


+-----------------------------------------------------------------+
; altpll Parameter Settings by Entity Instance                    ;
+-------------------------------+---------------------------------+
; Name                          ; Value                           ;
+-------------------------------+---------------------------------+
; Number of entity instances    ; 1                               ;
; Entity Instance               ; PLL:pll|altpll:altpll_component ;
;     -- OPERATION_MODE         ; NORMAL                          ;
;     -- PLL_TYPE               ; AUTO                            ;
;     -- PRIMARY_CLOCK          ; INCLK0                          ;
;     -- INCLK0_INPUT_FREQUENCY ; 20000                           ;
;     -- INCLK1_INPUT_FREQUENCY ; 0                               ;
;     -- VCO_MULTIPLY_BY        ; 0                               ;
;     -- VCO_DIVIDE_BY          ; 0                               ;
+-------------------------------+---------------------------------+


+----------------------------------------------------------------+
; Port Connectivity Checks: "View:view"                          ;
+------------------------------+-------+----------+--------------+
; Port                         ; Type  ; Severity ; Details      ;
+------------------------------+-------+----------+--------------+
; draw_img                     ; Input ; Info     ; Stuck at VCC ;
; sprite.img_pixels[0..5]      ; Input ; Info     ; Stuck at GND ;
; sprite.img_pixels[10..31]    ; Input ; Info     ; Stuck at GND ;
; sprite.img_pixels[6][0..14]  ; Input ; Info     ; Stuck at GND ;
; sprite.img_pixels[6][16..31] ; Input ; Info     ; Stuck at GND ;
; sprite.img_pixels[6][15]     ; Input ; Info     ; Stuck at VCC ;
; sprite.img_pixels[7][0..15]  ; Input ; Info     ; Stuck at GND ;
; sprite.img_pixels[7][17..31] ; Input ; Info     ; Stuck at GND ;
; sprite.img_pixels[7][16]     ; Input ; Info     ; Stuck at VCC ;
; sprite.img_pixels[8][0..15]  ; Input ; Info     ; Stuck at GND ;
; sprite.img_pixels[8][17..31] ; Input ; Info     ; Stuck at GND ;
; sprite.img_pixels[8][16]     ; Input ; Info     ; Stuck at VCC ;
; sprite.img_pixels[9][0..15]  ; Input ; Info     ; Stuck at GND ;
; sprite.img_pixels[9][17..31] ; Input ; Info     ; Stuck at GND ;
; sprite.img_pixels[9][16]     ; Input ; Info     ; Stuck at VCC ;
; sprite.color                 ; Input ; Info     ; Stuck at VCC ;
; x[5..4]                      ; Input ; Info     ; Stuck at VCC ;
; x[9..6]                      ; Input ; Info     ; Stuck at GND ;
; x[3..2]                      ; Input ; Info     ; Stuck at GND ;
; x[1]                         ; Input ; Info     ; Stuck at VCC ;
; x[0]                         ; Input ; Info     ; Stuck at GND ;
; y[5..4]                      ; Input ; Info     ; Stuck at VCC ;
; y[9..6]                      ; Input ; Info     ; Stuck at GND ;
; y[3..2]                      ; Input ; Info     ; Stuck at GND ;
; y[1]                         ; Input ; Info     ; Stuck at VCC ;
; y[0]                         ; Input ; Info     ; Stuck at GND ;
+------------------------------+-------+----------+--------------+


+-----------------------------------------------------------------------------------------------------------------------+
; Port Connectivity Checks: "VGA_Framebuffer:vga|VGA_RAMDAC:vga_fb"                                                     ;
+-------------+--------+----------+-------------------------------------------------------------------------------------+
; Port        ; Type   ; Severity ; Details                                                                             ;
+-------------+--------+----------+-------------------------------------------------------------------------------------+
; wr_x[10]    ; Input  ; Info     ; Stuck at GND                                                                        ;
; wr_y[10..9] ; Input  ; Info     ; Stuck at GND                                                                        ;
; rd_ack      ; Output ; Info     ; Connected to dangling logic. Logic that only feeds a dangling port will be removed. ;
+-------------+--------+----------+-------------------------------------------------------------------------------------+


+------------------------------------------------------------------------------------------------------------------------+
; Port Connectivity Checks: "VGA_Framebuffer:vga|VGA_Timing:vga_timing"                                                  ;
+--------------+--------+----------+-------------------------------------------------------------------------------------+
; Port         ; Type   ; Severity ; Details                                                                             ;
+--------------+--------+----------+-------------------------------------------------------------------------------------+
; pixel_strobe ; Output ; Info     ; Connected to dangling logic. Logic that only feeds a dangling port will be removed. ;
+--------------+--------+----------+-------------------------------------------------------------------------------------+


+-------------------------------+
; Elapsed Time Per Partition    ;
+----------------+--------------+
; Partition Name ; Elapsed Time ;
+----------------+--------------+
; Top            ; 00:00:00     ;
+----------------+--------------+


+-------------------------------+
; Analysis & Synthesis Messages ;
+-------------------------------+
Info: *******************************************************************
Info: Running Quartus II 64-Bit Analysis & Synthesis
    Info: Version 13.0.1 Build 232 06/12/2013 Service Pack 1 SJ Web Edition
    Info: Processing started: Wed Mar 14 14:20:51 2018
Info: Command: quartus_map --read_settings_files=on --write_settings_files=off HardwareInvaders -c HardwareInvaders
Warning (20028): Parallel compilation is not licensed and has been disabled
Info (12021): Found 2 design units, including 1 entities, in source file pll.vhd
    Info (12022): Found design unit 1: pll-SYN
    Info (12023): Found entity 1: PLL
Info (12021): Found 2 design units, including 1 entities, in source file vga_timing.vhd
    Info (12022): Found design unit 1: VGA_Timing-RTL
    Info (12023): Found entity 1: VGA_Timing
Info (12021): Found 2 design units, including 1 entities, in source file vga_ramdac.vhd
    Info (12022): Found design unit 1: VGA_RAMDAC-RTL
    Info (12023): Found entity 1: VGA_RAMDAC
Info (12021): Found 1 design units, including 0 entities, in source file vga_package.vhd
    Info (12022): Found design unit 1: vga_package
Info (12021): Found 2 design units, including 1 entities, in source file vga_framebuffer.vhd
    Info (12022): Found design unit 1: VGA_Framebuffer-RTL
    Info (12023): Found entity 1: VGA_Framebuffer
Info (12021): Found 2 design units, including 1 entities, in source file view.vhd
    Info (12022): Found design unit 1: View-RTL
    Info (12023): Found entity 1: View
Info (12021): Found 2 design units, including 1 entities, in source file hardwareinvaders.vhd
    Info (12022): Found design unit 1: HardwareInvaders-RTL
    Info (12023): Found entity 1: HardwareInvaders
Info (12021): Found 1 design units, including 0 entities, in source file hi_package.vhd
    Info (12022): Found design unit 1: HI_package
Info (12127): Elaborating entity "HardwareInvaders" for the top level hierarchy
Warning (10541): VHDL Signal Declaration warning at HardwareInvaders.vhd(38): used implicit default value for signal "fb_fill_rect" because signal was never assigned a value or an explicit default value. Use of implicit default value may introduce unintended design optimizations.
Warning (10541): VHDL Signal Declaration warning at HardwareInvaders.vhd(39): used implicit default value for signal "fb_draw_line" because signal was never assigned a value or an explicit default value. Use of implicit default value may introduce unintended design optimizations.
Warning (10036): Verilog HDL or VHDL warning at HardwareInvaders.vhd(46): object "time_10ms" assigned a value but never read
Info (12128): Elaborating entity "PLL" for hierarchy "PLL:pll"
Info (12128): Elaborating entity "altpll" for hierarchy "PLL:pll|altpll:altpll_component"
Info (12130): Elaborated megafunction instantiation "PLL:pll|altpll:altpll_component"
Info (12133): Instantiated megafunction "PLL:pll|altpll:altpll_component" with the following parameter:
    Info (12134): Parameter "clk0_divide_by" = "1"
    Info (12134): Parameter "clk0_duty_cycle" = "50"
    Info (12134): Parameter "clk0_multiply_by" = "2"
    Info (12134): Parameter "clk0_phase_shift" = "0"
    Info (12134): Parameter "clk1_divide_by" = "1"
    Info (12134): Parameter "clk1_duty_cycle" = "50"
    Info (12134): Parameter "clk1_multiply_by" = "1"
    Info (12134): Parameter "clk1_phase_shift" = "0"
    Info (12134): Parameter "compensate_clock" = "CLK0"
    Info (12134): Parameter "inclk0_input_frequency" = "20000"
    Info (12134): Parameter "intended_device_family" = "Cyclone II"
    Info (12134): Parameter "lpm_hint" = "CBX_MODULE_PREFIX=PLL"
    Info (12134): Parameter "lpm_type" = "altpll"
    Info (12134): Parameter "operation_mode" = "NORMAL"
    Info (12134): Parameter "port_activeclock" = "PORT_UNUSED"
    Info (12134): Parameter "port_areset" = "PORT_UNUSED"
    Info (12134): Parameter "port_clkbad0" = "PORT_UNUSED"
    Info (12134): Parameter "port_clkbad1" = "PORT_UNUSED"
    Info (12134): Parameter "port_clkloss" = "PORT_UNUSED"
    Info (12134): Parameter "port_clkswitch" = "PORT_UNUSED"
    Info (12134): Parameter "port_configupdate" = "PORT_UNUSED"
    Info (12134): Parameter "port_fbin" = "PORT_UNUSED"
    Info (12134): Parameter "port_inclk0" = "PORT_USED"
    Info (12134): Parameter "port_inclk1" = "PORT_UNUSED"
    Info (12134): Parameter "port_locked" = "PORT_UNUSED"
    Info (12134): Parameter "port_pfdena" = "PORT_UNUSED"
    Info (12134): Parameter "port_phasecounterselect" = "PORT_UNUSED"
    Info (12134): Parameter "port_phasedone" = "PORT_UNUSED"
    Info (12134): Parameter "port_phasestep" = "PORT_UNUSED"
    Info (12134): Parameter "port_phaseupdown" = "PORT_UNUSED"
    Info (12134): Parameter "port_pllena" = "PORT_UNUSED"
    Info (12134): Parameter "port_scanaclr" = "PORT_UNUSED"
    Info (12134): Parameter "port_scanclk" = "PORT_UNUSED"
    Info (12134): Parameter "port_scanclkena" = "PORT_UNUSED"
    Info (12134): Parameter "port_scandata" = "PORT_UNUSED"
    Info (12134): Parameter "port_scandataout" = "PORT_UNUSED"
    Info (12134): Parameter "port_scandone" = "PORT_UNUSED"
    Info (12134): Parameter "port_scanread" = "PORT_UNUSED"
    Info (12134): Parameter "port_scanwrite" = "PORT_UNUSED"
    Info (12134): Parameter "port_clk0" = "PORT_USED"
    Info (12134): Parameter "port_clk1" = "PORT_USED"
    Info (12134): Parameter "port_clk2" = "PORT_UNUSED"
    Info (12134): Parameter "port_clk3" = "PORT_UNUSED"
    Info (12134): Parameter "port_clk4" = "PORT_UNUSED"
    Info (12134): Parameter "port_clk5" = "PORT_UNUSED"
    Info (12134): Parameter "port_clkena0" = "PORT_UNUSED"
    Info (12134): Parameter "port_clkena1" = "PORT_UNUSED"
    Info (12134): Parameter "port_clkena2" = "PORT_UNUSED"
    Info (12134): Parameter "port_clkena3" = "PORT_UNUSED"
    Info (12134): Parameter "port_clkena4" = "PORT_UNUSED"
    Info (12134): Parameter "port_clkena5" = "PORT_UNUSED"
    Info (12134): Parameter "port_extclk0" = "PORT_UNUSED"
    Info (12134): Parameter "port_extclk1" = "PORT_UNUSED"
    Info (12134): Parameter "port_extclk2" = "PORT_UNUSED"
    Info (12134): Parameter "port_extclk3" = "PORT_UNUSED"
Info (12128): Elaborating entity "VGA_Framebuffer" for hierarchy "VGA_Framebuffer:vga"
Info (12128): Elaborating entity "VGA_Timing" for hierarchy "VGA_Framebuffer:vga|VGA_Timing:vga_timing"
Info (12128): Elaborating entity "VGA_RAMDAC" for hierarchy "VGA_Framebuffer:vga|VGA_RAMDAC:vga_fb"
Info (12128): Elaborating entity "View" for hierarchy "View:view"
Warning (10036): Verilog HDL or VHDL warning at View.vhd(34): object "row" assigned a value but never read
Warning (10036): Verilog HDL or VHDL warning at View.vhd(35): object "column" assigned a value but never read
Warning (10036): Verilog HDL or VHDL warning at View.vhd(36): object "s" assigned a value but never read
Warning (13024): Output pins are stuck at VCC or GND
    Warning (13410): Pin "SRAM_CE_N" is stuck at GND
Info (17049): 11 registers lost all their fanouts during netlist optimizations.
Info (16010): Generating hard_block partition "hard_block:auto_generated_inst"
    Info (16011): Adding 1 node(s), including 0 DDIO, 1 PLL, 0 transceiver and 0 LCELL
Warning (21074): Design contains 4 input pin(s) that do not drive logic
    Warning (15610): No output dependent on input pin "KEY[0]"
    Warning (15610): No output dependent on input pin "KEY[1]"
    Warning (15610): No output dependent on input pin "KEY[2]"
    Warning (15610): No output dependent on input pin "KEY[3]"
Info (21057): Implemented 219 device resources after synthesis - the final resource count might be different
    Info (21058): Implemented 6 input pins
    Info (21059): Implemented 37 output pins
    Info (21060): Implemented 16 bidirectional pins
    Info (21061): Implemented 159 logic cells
    Info (21065): Implemented 1 PLLs
Info: Quartus II 64-Bit Analysis & Synthesis was successful. 0 errors, 14 warnings
    Info: Peak virtual memory: 584 megabytes
    Info: Processing ended: Wed Mar 14 14:20:54 2018
    Info: Elapsed time: 00:00:03
    Info: Total CPU time (on all processors): 00:00:02


