Design Assistant report for Tetris_DE1
Fri Mar 16 11:05:51 2018
Quartus II 64-Bit Version 13.0.1 Build 232 06/12/2013 Service Pack 1 SJ Web Edition


---------------------
; Table of Contents ;
---------------------
  1. Legal Notice
  2. Design Assistant Summary
  3. Design Assistant Settings
  4. High Violations
  5. Medium Violations
  6. Information only Violations
  7. Design Assistant Messages



----------------
; Legal Notice ;
----------------
Copyright (C) 1991-2013 Altera Corporation
Your use of Altera Corporation's design tools, logic functions 
and other software and tools, and its AMPP partner logic 
functions, and any output files from any of the foregoing 
(including device programming or simulation files), and any 
associated documentation or information are expressly subject 
to the terms and conditions of the Altera Program License 
Subscription Agreement, Altera MegaCore Function License 
Agreement, or other applicable license agreement, including, 
without limitation, that your use is for the sole purpose of 
programming logic devices manufactured by Altera and sold by 
Altera or its authorized distributors.  Please refer to the 
applicable agreement for further details.



+-------------------------------------------------------------------------+
; Design Assistant Summary                                                ;
+-----------------------------------+-------------------------------------+
; Design Assistant Status           ; Analyzed - Fri Mar 16 11:05:51 2018 ;
; Revision Name                     ; Tetris_DE1                          ;
; Top-level Entity Name             ; Tetris_DE1                          ;
; Family                            ; Cyclone II                          ;
; Total Critical Violations         ; 0                                   ;
; Total High Violations             ; 26                                  ;
; - Rule D101                       ; 25                                  ;
; - Rule D103                       ; 1                                   ;
; Total Medium Violations           ; 1                                   ;
; - Rule R105                       ; 1                                   ;
; Total Information only Violations ; 101                                 ;
; - Rule T101                       ; 51                                  ;
; - Rule T102                       ; 50                                  ;
+-----------------------------------+-------------------------------------+


+----------------------------------------------------------------------------------------------------------------------------------------------------------------------------------------------------------------------------------------------------------------------------------------------------------+
; Design Assistant Settings                                                                                                                                                                                                                                                                                ;
+--------------------------------------------------------------------------------------------------------------------------------------------------------------------------------------------------------------------------------------------------------------------------------------+--------------+----+
; Option                                                                                                                                                                                                                                                                               ; Setting      ; To ;
+--------------------------------------------------------------------------------------------------------------------------------------------------------------------------------------------------------------------------------------------------------------------------------------+--------------+----+
; Design Assistant mode                                                                                                                                                                                                                                                                ; Post-Fitting ;    ;
; Threshold value for clock net not mapped to clock spines rule                                                                                                                                                                                                                        ; 25           ;    ;
; Minimum number of clock port feed by gated clocks                                                                                                                                                                                                                                    ; 30           ;    ;
; Minimum number of node fan-out                                                                                                                                                                                                                                                       ; 30           ;    ;
; Maximum number of nodes to report                                                                                                                                                                                                                                                    ; 50           ;    ;
; Rule C101: Gated clock should be implemented according to the Altera standard scheme                                                                                                                                                                                                 ; On           ;    ;
; Rule C102: Logic cell should not be used to generate an inverted clock signal                                                                                                                                                                                                        ; On           ;    ;
; Rule C103: Gated clock does not feed at least a pre-defined number of clock ports to effectively save power                                                                                                                                                                          ; On           ;    ;
; Rule C104: Clock signal source should drive only clock input ports                                                                                                                                                                                                                   ; On           ;    ;
; Rule C105: Clock signal should be a global signal (Rule applies during post-fitting analysis. This rule applies during both post-fitting analysis and post-synthesis analysis if the design targets a MAX 3000 or MAX 7000 device. For more information, see the Help for the rule.) ; On           ;    ;
; Rule C106: Clock signal source should not drive registers triggered by different clock edges                                                                                                                                                                                         ; On           ;    ;
; Rule R101: Combinational logic used as a reset signal should be synchronized                                                                                                                                                                                                         ; On           ;    ;
; Rule R102: External reset signals should be synchronized using two cascaded registers                                                                                                                                                                                                ; On           ;    ;
; Rule R103: External reset signal should be correctly synchronized                                                                                                                                                                                                                    ; On           ;    ;
; Rule R104: The reset signal that is generated in one clock domain and used in another clock domain should be correctly synchronized                                                                                                                                                  ; On           ;    ;
; Rule R105: The reset signal that is generated in one clock domain and used in another clock domain should be synchronized                                                                                                                                                            ; On           ;    ;
; Rule T101: Nodes with more than the specified number of fan-outs                                                                                                                                                                                                                     ; On           ;    ;
; Rule T102: Top nodes with the highest number of fan-outs                                                                                                                                                                                                                             ; On           ;    ;
; Rule A101: Design should not contain combinational loops                                                                                                                                                                                                                             ; On           ;    ;
; Rule A102: Register output should not drive its own control signal directly or through combinational logic                                                                                                                                                                           ; On           ;    ;
; Rule A103: Design should not contain delay chains                                                                                                                                                                                                                                    ; On           ;    ;
; Rule A104: Design should not contain ripple clock structures                                                                                                                                                                                                                         ; On           ;    ;
; Rule A105: Pulses should not be implemented asynchronously                                                                                                                                                                                                                           ; On           ;    ;
; Rule A106: Multiple pulses should not be generated in design                                                                                                                                                                                                                         ; On           ;    ;
; Rule A107: Design should not contain SR latches                                                                                                                                                                                                                                      ; On           ;    ;
; Rule A108: Design should not contain latches                                                                                                                                                                                                                                         ; On           ;    ;
; Rule S101: Output enable and input of the same tri-state node should not be driven by same signal source                                                                                                                                                                             ; On           ;    ;
; Rule S102: Synchronous port and asynchronous port of the same register should not be driven by the same signal source                                                                                                                                                                ; On           ;    ;
; Rule S103: More than one asynchronous port of a register should not be driven by the same signal source                                                                                                                                                                              ; On           ;    ;
; Rule S104: Clock port and any other port of a register should not be driven by the same signal source                                                                                                                                                                                ; On           ;    ;
; Rule D101: Data bits are not synchronized when transferred between asynchronous clock domains                                                                                                                                                                                        ; On           ;    ;
; Rule D102: Multiple data bits that are transferred across asynchronous clock domains are synchronized, but not all bits may be aligned in the receiving clock domain                                                                                                                 ; On           ;    ;
; Rule D103: Data bits are not correctly synchronized when transferred between asynchronous clock domains                                                                                                                                                                              ; On           ;    ;
; Rule M101: Data bits are not synchronized when transferred to the state machine of asynchronous clock domains                                                                                                                                                                        ; Off          ;    ;
; Rule M102: No reset signal defined to initialize the state machine                                                                                                                                                                                                                   ; Off          ;    ;
; Rule M103: State machine should not contain an unreachable state                                                                                                                                                                                                                     ; Off          ;    ;
; Rule M104: State machine should not contain a deadlock state                                                                                                                                                                                                                         ; Off          ;    ;
; Rule M105: State machine should not contain a dead transition                                                                                                                                                                                                                        ; Off          ;    ;
+--------------------------------------------------------------------------------------------------------------------------------------------------------------------------------------------------------------------------------------------------------------------------------------+--------------+----+


+-----------------------------------------------------------------------------------------------------------------------------------------------------------------+
; High Violations                                                                                                                                                 ;
+-----------------------------------------------------------------------------------------------------------------------+-----------------------------------------+
; Rule name                                                                                                             ; Name                                    ;
+-----------------------------------------------------------------------------------------------------------------------+-----------------------------------------+
; Rule D101: Data bits are not synchronized when transferred between asynchronous clock domains - Structure 1           ;                                         ;
;  Source node(s) from clock "CLOCK_50"                                                                                 ; RESET_N                                 ;
;  Destination node(s) from clock "PLL:pll|altpll:altpll_component|_clk1"                                               ; Tetris_View:view|FB_COLOR[10]           ;
;  Destination node(s) from clock "PLL:pll|altpll:altpll_component|_clk1"                                               ; Tetris_View:view|s.color[10]            ;
;  Destination node(s) from clock "PLL:pll|altpll:altpll_component|_clk1"                                               ; Tetris_View:view|substate.DRAW          ;
;  Destination node(s) from clock "PLL:pll|altpll:altpll_component|_clk0"                                               ; VGA_Framebuffer:vga|latched_color[10]   ;
;  Destination node(s) from clock "PLL:pll|altpll:altpll_component|_clk0"                                               ; VGA_Framebuffer:vga|substate.DRAWING_R2 ;
; Rule D101: Data bits are not synchronized when transferred between asynchronous clock domains - Structure 2           ;                                         ;
;  Source node(s) from clock "PLL:pll|altpll:altpll_component|_clk1"                                                    ; Tetris_View:view|FB_DRAW_RECT           ;
;  Destination node(s) from clock "PLL:pll|altpll:altpll_component|_clk0"                                               ; VGA_Framebuffer:vga|state.IDLE          ;
;  Destination node(s) from clock "PLL:pll|altpll:altpll_component|_clk0"                                               ; VGA_Framebuffer:vga|substate.INIT       ;
;  Destination node(s) from clock "PLL:pll|altpll:altpll_component|_clk0"                                               ; VGA_Framebuffer:vga|flip_on_next_vs     ;
;  Destination node(s) from clock "PLL:pll|altpll:altpll_component|_clk0"                                               ; VGA_Framebuffer:vga|substate.DRAWING_R2 ;
;  Destination node(s) from clock "PLL:pll|altpll:altpll_component|_clk0"                                               ; VGA_Framebuffer:vga|state.DRAWING_RECT  ;
;  Destination node(s) from clock "PLL:pll|altpll:altpll_component|_clk0"                                               ; VGA_Framebuffer:vga|state.FILLING_RECT  ;
;  Destination node(s) from clock "PLL:pll|altpll:altpll_component|_clk0"                                               ; VGA_Framebuffer:vga|substate.DRAWING_R1 ;
; Rule D101: Data bits are not synchronized when transferred between asynchronous clock domains - Structure 3           ;                                         ;
;  Source node(s) from clock "PLL:pll|altpll:altpll_component|_clk0"                                                    ; VGA_Framebuffer:vga|state.IDLE          ;
;  Destination node(s) from clock "PLL:pll|altpll:altpll_component|_clk1"                                               ; Tetris_View:view|state.DRAWING          ;
;  Destination node(s) from clock "PLL:pll|altpll:altpll_component|_clk1"                                               ; Tetris_View:view|state.WAITING          ;
; Rule D101: Data bits are not synchronized when transferred between asynchronous clock domains - Structure 4           ;                                         ;
;  Source node(s) from clock "PLL:pll|altpll:altpll_component|_clk1"                                                    ; Tetris_View:view|FB_CLEAR               ;
;  Destination node(s) from clock "PLL:pll|altpll:altpll_component|_clk0"                                               ; VGA_Framebuffer:vga|state.IDLE          ;
;  Destination node(s) from clock "PLL:pll|altpll:altpll_component|_clk0"                                               ; VGA_Framebuffer:vga|substate.INIT       ;
;  Destination node(s) from clock "PLL:pll|altpll:altpll_component|_clk0"                                               ; VGA_Framebuffer:vga|flip_on_next_vs     ;
;  Destination node(s) from clock "PLL:pll|altpll:altpll_component|_clk0"                                               ; VGA_Framebuffer:vga|y_end[8]            ;
;  Destination node(s) from clock "PLL:pll|altpll:altpll_component|_clk0"                                               ; VGA_Framebuffer:vga|y_end[7]            ;
;  Destination node(s) from clock "PLL:pll|altpll:altpll_component|_clk0"                                               ; VGA_Framebuffer:vga|y_end[6]            ;
;  Destination node(s) from clock "PLL:pll|altpll:altpll_component|_clk0"                                               ; VGA_Framebuffer:vga|y_end[4]            ;
;  Destination node(s) from clock "PLL:pll|altpll:altpll_component|_clk0"                                               ; VGA_Framebuffer:vga|y_end[3]            ;
;  Destination node(s) from clock "PLL:pll|altpll:altpll_component|_clk0"                                               ; VGA_Framebuffer:vga|y_end[2]            ;
;  Destination node(s) from clock "PLL:pll|altpll:altpll_component|_clk0"                                               ; VGA_Framebuffer:vga|y_end[1]            ;
; Rule D101: Data bits are not synchronized when transferred between asynchronous clock domains - Structure 5           ;                                         ;
;  Source node(s) from clock "PLL:pll|altpll:altpll_component|_clk1"                                                    ; Tetris_View:view|FB_FLIP                ;
;  Destination node(s) from clock "PLL:pll|altpll:altpll_component|_clk0"                                               ; VGA_Framebuffer:vga|flip_on_next_vs     ;
; Rule D101: Data bits are not synchronized when transferred between asynchronous clock domains - Structure 6           ;                                         ;
;  Source node(s) from clock "PLL:pll|altpll:altpll_component|_clk1"                                                    ; Tetris_View:view|FB_X0[1]               ;
;  Destination node(s) from clock "PLL:pll|altpll:altpll_component|_clk0"                                               ; VGA_Framebuffer:vga|x_end[1]            ;
;  Destination node(s) from clock "PLL:pll|altpll:altpll_component|_clk0"                                               ; VGA_Framebuffer:vga|x_start[1]          ;
; Rule D101: Data bits are not synchronized when transferred between asynchronous clock domains - Structure 7           ;                                         ;
;  Source node(s) from clock "PLL:pll|altpll:altpll_component|_clk1"                                                    ; Tetris_View:view|FB_X0[0]               ;
;  Destination node(s) from clock "PLL:pll|altpll:altpll_component|_clk0"                                               ; VGA_Framebuffer:vga|x_start[0]          ;
;  Destination node(s) from clock "PLL:pll|altpll:altpll_component|_clk0"                                               ; VGA_Framebuffer:vga|x_end[0]            ;
; Rule D101: Data bits are not synchronized when transferred between asynchronous clock domains - Structure 8           ;                                         ;
;  Source node(s) from clock "PLL:pll|altpll:altpll_component|_clk1"                                                    ; Tetris_View:view|FB_X0[4]               ;
;  Destination node(s) from clock "PLL:pll|altpll:altpll_component|_clk0"                                               ; VGA_Framebuffer:vga|x_end[4]            ;
;  Destination node(s) from clock "PLL:pll|altpll:altpll_component|_clk0"                                               ; VGA_Framebuffer:vga|x_start[4]          ;
; Rule D101: Data bits are not synchronized when transferred between asynchronous clock domains - Structure 9           ;                                         ;
;  Source node(s) from clock "PLL:pll|altpll:altpll_component|_clk1"                                                    ; Tetris_View:view|FB_X0[2]               ;
;  Destination node(s) from clock "PLL:pll|altpll:altpll_component|_clk0"                                               ; VGA_Framebuffer:vga|x_end[2]            ;
;  Destination node(s) from clock "PLL:pll|altpll:altpll_component|_clk0"                                               ; VGA_Framebuffer:vga|x_start[2]          ;
; Rule D101: Data bits are not synchronized when transferred between asynchronous clock domains - Structure 10          ;                                         ;
;  Source node(s) from clock "PLL:pll|altpll:altpll_component|_clk1"                                                    ; Tetris_View:view|FB_X0[5]               ;
;  Destination node(s) from clock "PLL:pll|altpll:altpll_component|_clk0"                                               ; VGA_Framebuffer:vga|x_end[5]            ;
;  Destination node(s) from clock "PLL:pll|altpll:altpll_component|_clk0"                                               ; VGA_Framebuffer:vga|x_start[5]          ;
; Rule D101: Data bits are not synchronized when transferred between asynchronous clock domains - Structure 11          ;                                         ;
;  Source node(s) from clock "PLL:pll|altpll:altpll_component|_clk1"                                                    ; Tetris_View:view|FB_X0[6]               ;
;  Destination node(s) from clock "PLL:pll|altpll:altpll_component|_clk0"                                               ; VGA_Framebuffer:vga|x_end[6]            ;
;  Destination node(s) from clock "PLL:pll|altpll:altpll_component|_clk0"                                               ; VGA_Framebuffer:vga|x_start[6]          ;
; Rule D101: Data bits are not synchronized when transferred between asynchronous clock domains - Structure 12          ;                                         ;
;  Source node(s) from clock "PLL:pll|altpll:altpll_component|_clk1"                                                    ; Tetris_View:view|FB_X0[7]               ;
;  Destination node(s) from clock "PLL:pll|altpll:altpll_component|_clk0"                                               ; VGA_Framebuffer:vga|x_end[7]            ;
;  Destination node(s) from clock "PLL:pll|altpll:altpll_component|_clk0"                                               ; VGA_Framebuffer:vga|x_start[7]          ;
; Rule D101: Data bits are not synchronized when transferred between asynchronous clock domains - Structure 13          ;                                         ;
;  Source node(s) from clock "PLL:pll|altpll:altpll_component|_clk1"                                                    ; Tetris_View:view|FB_X0[8]               ;
;  Destination node(s) from clock "PLL:pll|altpll:altpll_component|_clk0"                                               ; VGA_Framebuffer:vga|x_end[8]            ;
;  Destination node(s) from clock "PLL:pll|altpll:altpll_component|_clk0"                                               ; VGA_Framebuffer:vga|x_start[8]          ;
; Rule D101: Data bits are not synchronized when transferred between asynchronous clock domains - Structure 14          ;                                         ;
;  Source node(s) from clock "PLL:pll|altpll:altpll_component|_clk1"                                                    ; Tetris_View:view|FB_X0[9]               ;
;  Destination node(s) from clock "PLL:pll|altpll:altpll_component|_clk0"                                               ; VGA_Framebuffer:vga|x_end[9]            ;
; Rule D101: Data bits are not synchronized when transferred between asynchronous clock domains - Structure 15          ;                                         ;
;  Source node(s) from clock "PLL:pll|altpll:altpll_component|_clk1"                                                    ; Tetris_View:view|FB_X0[3]               ;
;  Destination node(s) from clock "PLL:pll|altpll:altpll_component|_clk0"                                               ; VGA_Framebuffer:vga|x_end[3]            ;
;  Destination node(s) from clock "PLL:pll|altpll:altpll_component|_clk0"                                               ; VGA_Framebuffer:vga|x_start[3]          ;
; Rule D101: Data bits are not synchronized when transferred between asynchronous clock domains - Structure 16          ;                                         ;
;  Source node(s) from clock "PLL:pll|altpll:altpll_component|_clk1"                                                    ; Tetris_View:view|FB_Y0[1]               ;
;  Destination node(s) from clock "PLL:pll|altpll:altpll_component|_clk0"                                               ; VGA_Framebuffer:vga|y_end[1]            ;
;  Destination node(s) from clock "PLL:pll|altpll:altpll_component|_clk0"                                               ; VGA_Framebuffer:vga|y_start[1]          ;
; Rule D101: Data bits are not synchronized when transferred between asynchronous clock domains - Structure 17          ;                                         ;
;  Source node(s) from clock "PLL:pll|altpll:altpll_component|_clk1"                                                    ; Tetris_View:view|FB_Y0[2]               ;
;  Destination node(s) from clock "PLL:pll|altpll:altpll_component|_clk0"                                               ; VGA_Framebuffer:vga|y_end[2]            ;
;  Destination node(s) from clock "PLL:pll|altpll:altpll_component|_clk0"                                               ; VGA_Framebuffer:vga|y_start[2]          ;
; Rule D101: Data bits are not synchronized when transferred between asynchronous clock domains - Structure 18          ;                                         ;
;  Source node(s) from clock "PLL:pll|altpll:altpll_component|_clk1"                                                    ; Tetris_View:view|FB_Y0[3]               ;
;  Destination node(s) from clock "PLL:pll|altpll:altpll_component|_clk0"                                               ; VGA_Framebuffer:vga|y_end[3]            ;
;  Destination node(s) from clock "PLL:pll|altpll:altpll_component|_clk0"                                               ; VGA_Framebuffer:vga|y_start[3]          ;
; Rule D101: Data bits are not synchronized when transferred between asynchronous clock domains - Structure 19          ;                                         ;
;  Source node(s) from clock "PLL:pll|altpll:altpll_component|_clk1"                                                    ; Tetris_View:view|FB_Y0[4]               ;
;  Destination node(s) from clock "PLL:pll|altpll:altpll_component|_clk0"                                               ; VGA_Framebuffer:vga|y_end[4]            ;
;  Destination node(s) from clock "PLL:pll|altpll:altpll_component|_clk0"                                               ; VGA_Framebuffer:vga|y_start[4]          ;
; Rule D101: Data bits are not synchronized when transferred between asynchronous clock domains - Structure 20          ;                                         ;
;  Source node(s) from clock "PLL:pll|altpll:altpll_component|_clk1"                                                    ; Tetris_View:view|FB_Y0[5]               ;
;  Destination node(s) from clock "PLL:pll|altpll:altpll_component|_clk0"                                               ; VGA_Framebuffer:vga|y_end[5]            ;
; Rule D101: Data bits are not synchronized when transferred between asynchronous clock domains - Structure 21          ;                                         ;
;  Source node(s) from clock "PLL:pll|altpll:altpll_component|_clk1"                                                    ; Tetris_View:view|FB_Y0[6]               ;
;  Destination node(s) from clock "PLL:pll|altpll:altpll_component|_clk0"                                               ; VGA_Framebuffer:vga|y_end[6]            ;
;  Destination node(s) from clock "PLL:pll|altpll:altpll_component|_clk0"                                               ; VGA_Framebuffer:vga|y_start[6]          ;
; Rule D101: Data bits are not synchronized when transferred between asynchronous clock domains - Structure 22          ;                                         ;
;  Source node(s) from clock "PLL:pll|altpll:altpll_component|_clk1"                                                    ; Tetris_View:view|FB_Y0[7]               ;
;  Destination node(s) from clock "PLL:pll|altpll:altpll_component|_clk0"                                               ; VGA_Framebuffer:vga|y_end[7]            ;
;  Destination node(s) from clock "PLL:pll|altpll:altpll_component|_clk0"                                               ; VGA_Framebuffer:vga|y_start[7]          ;
; Rule D101: Data bits are not synchronized when transferred between asynchronous clock domains - Structure 23          ;                                         ;
;  Source node(s) from clock "PLL:pll|altpll:altpll_component|_clk1"                                                    ; Tetris_View:view|FB_Y0[8]               ;
;  Destination node(s) from clock "PLL:pll|altpll:altpll_component|_clk0"                                               ; VGA_Framebuffer:vga|y_end[8]            ;
;  Destination node(s) from clock "PLL:pll|altpll:altpll_component|_clk0"                                               ; VGA_Framebuffer:vga|y_start[8]          ;
; Rule D101: Data bits are not synchronized when transferred between asynchronous clock domains - Structure 24          ;                                         ;
;  Source node(s) from clock "PLL:pll|altpll:altpll_component|_clk1"                                                    ; Tetris_View:view|FB_Y0[0]               ;
;  Destination node(s) from clock "PLL:pll|altpll:altpll_component|_clk0"                                               ; VGA_Framebuffer:vga|y_end[0]            ;
;  Destination node(s) from clock "PLL:pll|altpll:altpll_component|_clk0"                                               ; VGA_Framebuffer:vga|y_start[0]          ;
; Rule D101: Data bits are not synchronized when transferred between asynchronous clock domains - Structure 25          ;                                         ;
;  Source node(s) from clock "PLL:pll|altpll:altpll_component|_clk1"                                                    ; Tetris_View:view|FB_COLOR[10]           ;
;  Destination node(s) from clock "PLL:pll|altpll:altpll_component|_clk0"                                               ; VGA_Framebuffer:vga|latched_color[10]   ;
; Rule D103: Data bits are not correctly synchronized when transferred between asynchronous clock domains - Structure 1 ;                                         ;
;  Source node(s) from clock "PLL:pll|altpll:altpll_component|_clk0"                                                    ; VGA_Framebuffer:vga|state.IDLE          ;
;  Synchronizer node(s) from clock "PLL:pll|altpll:altpll_component|_clk1"                                              ; Tetris_View:view|state.DRAWING          ;
;  Synchronizer node(s) from clock "PLL:pll|altpll:altpll_component|_clk1"                                              ; Tetris_View:view|substate.CLEAR         ;
+-----------------------------------------------------------------------------------------------------------------------+-----------------------------------------+


+--------------------------------------------------------------------------------------------------------------------------------------------------------------------------------------+
; Medium Violations                                                                                                                                                                    ;
+---------------------------------------------------------------------------------------------------------------------------+----------------------------------------------------------+
; Rule name                                                                                                                 ; Name                                                     ;
+---------------------------------------------------------------------------------------------------------------------------+----------------------------------------------------------+
; Rule R105: The reset signal that is generated in one clock domain and used in another clock domain should be synchronized ; RESET_N                                                  ;
;  Reset signal destination node(s) from clock "PLL:pll|altpll:altpll_component|_clk0"                                      ; VGA_Framebuffer:vga|VGA_Timing:vga_timing|h_pixel[0]     ;
;  Reset signal destination node(s) from clock "PLL:pll|altpll:altpll_component|_clk0"                                      ; VGA_Framebuffer:vga|VGA_Timing:vga_timing|clock_count[1] ;
;  Reset signal destination node(s) from clock "PLL:pll|altpll:altpll_component|_clk0"                                      ; VGA_Framebuffer:vga|VGA_Timing:vga_timing|clock_count[0] ;
;  Reset signal destination node(s) from clock "PLL:pll|altpll:altpll_component|_clk0"                                      ; VGA_Framebuffer:vga|VGA_Timing:vga_timing|h_counter[0]   ;
;  Reset signal destination node(s) from clock "PLL:pll|altpll:altpll_component|_clk0"                                      ; VGA_Framebuffer:vga|VGA_Timing:vga_timing|h_counter[1]   ;
;  Reset signal destination node(s) from clock "PLL:pll|altpll:altpll_component|_clk0"                                      ; VGA_Framebuffer:vga|VGA_Timing:vga_timing|h_counter[2]   ;
;  Reset signal destination node(s) from clock "PLL:pll|altpll:altpll_component|_clk0"                                      ; VGA_Framebuffer:vga|VGA_Timing:vga_timing|h_counter[7]   ;
;  Reset signal destination node(s) from clock "PLL:pll|altpll:altpll_component|_clk0"                                      ; VGA_Framebuffer:vga|VGA_Timing:vga_timing|h_counter[3]   ;
;  Reset signal destination node(s) from clock "PLL:pll|altpll:altpll_component|_clk0"                                      ; VGA_Framebuffer:vga|VGA_Timing:vga_timing|h_counter[4]   ;
;  Reset signal destination node(s) from clock "PLL:pll|altpll:altpll_component|_clk0"                                      ; VGA_Framebuffer:vga|VGA_Timing:vga_timing|h_counter[5]   ;
;  Reset signal destination node(s) from clock "PLL:pll|altpll:altpll_component|_clk1"                                      ; Tetris_View:view|FB_DRAW_RECT                            ;
;  Reset signal destination node(s) from clock "PLL:pll|altpll:altpll_component|_clk1"                                      ; Tetris_View:view|state.DRAWING                           ;
;  Reset signal destination node(s) from clock "PLL:pll|altpll:altpll_component|_clk1"                                      ; Tetris_View:view|FB_CLEAR                                ;
;  Reset signal destination node(s) from clock "PLL:pll|altpll:altpll_component|_clk1"                                      ; Tetris_View:view|state.IDLE                              ;
;  Reset signal destination node(s) from clock "PLL:pll|altpll:altpll_component|_clk1"                                      ; Tetris_Controller:controller|REDRAW                      ;
;  Reset signal destination node(s) from clock "PLL:pll|altpll:altpll_component|_clk1"                                      ; Tetris_Datapath:datapath|falling_piece.blocks[1].row[4]  ;
;  Reset signal destination node(s) from clock "PLL:pll|altpll:altpll_component|_clk1"                                      ; Tetris_Controller:controller|MOVE_DOWN                   ;
;  Reset signal destination node(s) from clock "PLL:pll|altpll:altpll_component|_clk1"                                      ; Tetris_Datapath:datapath|falling_piece.blocks[3].row[1]  ;
;  Reset signal destination node(s) from clock "PLL:pll|altpll:altpll_component|_clk1"                                      ; Tetris_Controller:controller|MERGE                       ;
;  Reset signal destination node(s) from clock "PLL:pll|altpll:altpll_component|_clk1"                                      ; Tetris_Datapath:datapath|falling_piece.blocks[2].row[1]  ;
+---------------------------------------------------------------------------------------------------------------------------+----------------------------------------------------------+


+--------------------------------------------------------------------------------------------------------------------------------------+
; Information only Violations                                                                                                          ;
+------------------------------------------------------------------+---------------------------------------------------------+---------+
; Rule name                                                        ; Name                                                    ; Fan-Out ;
+------------------------------------------------------------------+---------------------------------------------------------+---------+
; Rule T101: Nodes with more than the specified number of fan-outs ; RESET_N~clkctrl                                         ; 411     ;
; Rule T101: Nodes with more than the specified number of fan-outs ; RESET_N                                                 ; 32      ;
; Rule T101: Nodes with more than the specified number of fan-outs ; PLL:pll|altpll:altpll_component|_clk0~clkctrl           ; 118     ;
; Rule T101: Nodes with more than the specified number of fan-outs ; VGA_Framebuffer:vga|VGA_Timing:vga_timing|h_state.DATA  ; 32      ;
; Rule T101: Nodes with more than the specified number of fan-outs ; VGA_Framebuffer:vga|VGA_Timing:vga_timing|v_state.DATA  ; 32      ;
; Rule T101: Nodes with more than the specified number of fan-outs ; VGA_Framebuffer:vga|substate.INIT                       ; 37      ;
; Rule T101: Nodes with more than the specified number of fan-outs ; Tetris_View:view|state.DRAWING                          ; 74      ;
; Rule T101: Nodes with more than the specified number of fan-outs ; VGA_Framebuffer:vga|state.IDLE                          ; 32      ;
; Rule T101: Nodes with more than the specified number of fan-outs ; Tetris_View:view|FB_CLEAR                               ; 45      ;
; Rule T101: Nodes with more than the specified number of fan-outs ; Tetris_Datapath:datapath|falling_piece.blocks[1].row[4] ; 36      ;
; Rule T101: Nodes with more than the specified number of fan-outs ; Tetris_Datapath:datapath|falling_piece.blocks[3].row[1] ; 75      ;
; Rule T101: Nodes with more than the specified number of fan-outs ; Tetris_Controller:controller|MERGE                      ; 51      ;
; Rule T101: Nodes with more than the specified number of fan-outs ; Tetris_Datapath:datapath|falling_piece.blocks[2].row[1] ; 75      ;
; Rule T101: Nodes with more than the specified number of fan-outs ; Tetris_Controller:controller|REMOVE_ROW                 ; 220     ;
; Rule T101: Nodes with more than the specified number of fan-outs ; Tetris_Controller:controller|row_check_counter[0]       ; 56      ;
; Rule T101: Nodes with more than the specified number of fan-outs ; Tetris_Controller:controller|row_check_counter[1]       ; 52      ;
; Rule T101: Nodes with more than the specified number of fan-outs ; PLL:pll|altpll:altpll_component|_clk1~clkctrl           ; 390     ;
; Rule T101: Nodes with more than the specified number of fan-outs ; Tetris_Datapath:datapath|falling_piece.blocks[1].row[1] ; 83      ;
; Rule T101: Nodes with more than the specified number of fan-outs ; Tetris_Datapath:datapath|falling_piece.blocks[1].row[0] ; 34      ;
; Rule T101: Nodes with more than the specified number of fan-outs ; Tetris_Datapath:datapath|falling_piece.blocks[0].col[0] ; 36      ;
; Rule T101: Nodes with more than the specified number of fan-outs ; Tetris_Datapath:datapath|falling_piece.blocks[2].col[1] ; 35      ;
; Rule T101: Nodes with more than the specified number of fan-outs ; Tetris_Datapath:datapath|falling_piece.blocks[3].col[1] ; 35      ;
; Rule T101: Nodes with more than the specified number of fan-outs ; Tetris_Datapath:datapath|falling_piece.blocks[3].col[0] ; 34      ;
; Rule T101: Nodes with more than the specified number of fan-outs ; Tetris_Datapath:datapath|falling_piece.blocks[0].row[0] ; 47      ;
; Rule T101: Nodes with more than the specified number of fan-outs ; Tetris_Datapath:datapath|falling_piece.blocks[3].row[0] ; 42      ;
; Rule T101: Nodes with more than the specified number of fan-outs ; Tetris_Datapath:datapath|falling_piece.blocks[0].row[1] ; 88      ;
; Rule T101: Nodes with more than the specified number of fan-outs ; Tetris_Datapath:datapath|falling_piece.blocks[0].col[1] ; 31      ;
; Rule T101: Nodes with more than the specified number of fan-outs ; Tetris_Datapath:datapath|falling_piece.blocks[0].row[2] ; 118     ;
; Rule T101: Nodes with more than the specified number of fan-outs ; Tetris_Datapath:datapath|falling_piece.blocks[3].row[2] ; 89      ;
; Rule T101: Nodes with more than the specified number of fan-outs ; Tetris_Datapath:datapath|falling_piece.blocks[3].row[3] ; 98      ;
; Rule T101: Nodes with more than the specified number of fan-outs ; Tetris_Datapath:datapath|falling_piece.blocks[0].row[3] ; 118     ;
; Rule T101: Nodes with more than the specified number of fan-outs ; Tetris_Datapath:datapath|falling_piece.blocks[2].row[0] ; 42      ;
; Rule T101: Nodes with more than the specified number of fan-outs ; Tetris_Datapath:datapath|falling_piece.blocks[2].col[0] ; 34      ;
; Rule T101: Nodes with more than the specified number of fan-outs ; Tetris_Datapath:datapath|falling_piece.blocks[2].row[2] ; 89      ;
; Rule T101: Nodes with more than the specified number of fan-outs ; Tetris_Datapath:datapath|falling_piece.blocks[2].row[3] ; 98      ;
; Rule T101: Nodes with more than the specified number of fan-outs ; Tetris_Datapath:datapath|falling_piece.blocks[1].col[0] ; 36      ;
; Rule T101: Nodes with more than the specified number of fan-outs ; Tetris_Datapath:datapath|falling_piece.blocks[1].col[1] ; 35      ;
; Rule T101: Nodes with more than the specified number of fan-outs ; Tetris_Datapath:datapath|falling_piece.blocks[1].row[2] ; 113     ;
; Rule T101: Nodes with more than the specified number of fan-outs ; Tetris_Datapath:datapath|falling_piece.blocks[1].row[3] ; 113     ;
; Rule T101: Nodes with more than the specified number of fan-outs ; Tetris_Datapath:datapath|board~1408                     ; 190     ;
; Rule T101: Nodes with more than the specified number of fan-outs ; Tetris_Controller:controller|row_check_counter[2]       ; 62      ;
; Rule T101: Nodes with more than the specified number of fan-outs ; Tetris_Controller:controller|row_check_counter[3]       ; 61      ;
; Rule T101: Nodes with more than the specified number of fan-outs ; Tetris_Datapath:datapath|falling_piece.blocks[3].row[4] ; 32      ;
; Rule T101: Nodes with more than the specified number of fan-outs ; Tetris_Datapath:datapath|falling_piece.blocks[0].row[4] ; 47      ;
; Rule T101: Nodes with more than the specified number of fan-outs ; Tetris_Datapath:datapath|falling_piece.blocks[2].row[4] ; 32      ;
; Rule T101: Nodes with more than the specified number of fan-outs ; Tetris_View:view|substate.FLIP                          ; 39      ;
; Rule T101: Nodes with more than the specified number of fan-outs ; Tetris_View:view|Add0~8                                 ; 32      ;
; Rule T101: Nodes with more than the specified number of fan-outs ; Tetris_View:view|Add1~0                                 ; 32      ;
; Rule T101: Nodes with more than the specified number of fan-outs ; Tetris_View:view|Selector27~0                           ; 32      ;
; Rule T101: Nodes with more than the specified number of fan-outs ; VGA_Framebuffer:vga|VGA_RAMDAC:vga_fb|SRAM_WE_N~0       ; 42      ;
; Rule T101: Nodes with more than the specified number of fan-outs ; VGA_Framebuffer:vga|y_end[8]~0                          ; 36      ;
; Rule T102: Top nodes with the highest number of fan-outs         ; RESET_N~clkctrl                                         ; 411     ;
; Rule T102: Top nodes with the highest number of fan-outs         ; PLL:pll|altpll:altpll_component|_clk1~clkctrl           ; 390     ;
; Rule T102: Top nodes with the highest number of fan-outs         ; Tetris_Controller:controller|REMOVE_ROW                 ; 220     ;
; Rule T102: Top nodes with the highest number of fan-outs         ; Tetris_Datapath:datapath|board~1408                     ; 190     ;
; Rule T102: Top nodes with the highest number of fan-outs         ; Tetris_Datapath:datapath|falling_piece.blocks[0].row[3] ; 118     ;
; Rule T102: Top nodes with the highest number of fan-outs         ; Tetris_Datapath:datapath|falling_piece.blocks[0].row[2] ; 118     ;
; Rule T102: Top nodes with the highest number of fan-outs         ; PLL:pll|altpll:altpll_component|_clk0~clkctrl           ; 118     ;
; Rule T102: Top nodes with the highest number of fan-outs         ; Tetris_Datapath:datapath|falling_piece.blocks[1].row[2] ; 113     ;
; Rule T102: Top nodes with the highest number of fan-outs         ; Tetris_Datapath:datapath|falling_piece.blocks[1].row[3] ; 113     ;
; Rule T102: Top nodes with the highest number of fan-outs         ; Tetris_Datapath:datapath|falling_piece.blocks[3].row[3] ; 98      ;
; Rule T102: Top nodes with the highest number of fan-outs         ; Tetris_Datapath:datapath|falling_piece.blocks[2].row[3] ; 98      ;
; Rule T102: Top nodes with the highest number of fan-outs         ; Tetris_Datapath:datapath|falling_piece.blocks[3].row[2] ; 89      ;
; Rule T102: Top nodes with the highest number of fan-outs         ; Tetris_Datapath:datapath|falling_piece.blocks[2].row[2] ; 89      ;
; Rule T102: Top nodes with the highest number of fan-outs         ; Tetris_Datapath:datapath|falling_piece.blocks[0].row[1] ; 88      ;
; Rule T102: Top nodes with the highest number of fan-outs         ; Tetris_Datapath:datapath|falling_piece.blocks[1].row[1] ; 83      ;
; Rule T102: Top nodes with the highest number of fan-outs         ; Tetris_Datapath:datapath|falling_piece.blocks[3].row[1] ; 75      ;
; Rule T102: Top nodes with the highest number of fan-outs         ; Tetris_Datapath:datapath|falling_piece.blocks[2].row[1] ; 75      ;
; Rule T102: Top nodes with the highest number of fan-outs         ; Tetris_View:view|state.DRAWING                          ; 74      ;
; Rule T102: Top nodes with the highest number of fan-outs         ; Tetris_Controller:controller|row_check_counter[2]       ; 62      ;
; Rule T102: Top nodes with the highest number of fan-outs         ; Tetris_Controller:controller|row_check_counter[3]       ; 61      ;
; Rule T102: Top nodes with the highest number of fan-outs         ; Tetris_Controller:controller|row_check_counter[0]       ; 56      ;
; Rule T102: Top nodes with the highest number of fan-outs         ; Tetris_Controller:controller|row_check_counter[1]       ; 52      ;
; Rule T102: Top nodes with the highest number of fan-outs         ; Tetris_Controller:controller|MERGE                      ; 51      ;
; Rule T102: Top nodes with the highest number of fan-outs         ; Tetris_Datapath:datapath|falling_piece.blocks[0].row[4] ; 47      ;
; Rule T102: Top nodes with the highest number of fan-outs         ; Tetris_Datapath:datapath|falling_piece.blocks[0].row[0] ; 47      ;
; Rule T102: Top nodes with the highest number of fan-outs         ; Tetris_View:view|FB_CLEAR                               ; 45      ;
; Rule T102: Top nodes with the highest number of fan-outs         ; VGA_Framebuffer:vga|VGA_RAMDAC:vga_fb|SRAM_WE_N~0       ; 42      ;
; Rule T102: Top nodes with the highest number of fan-outs         ; Tetris_Datapath:datapath|falling_piece.blocks[2].row[0] ; 42      ;
; Rule T102: Top nodes with the highest number of fan-outs         ; Tetris_Datapath:datapath|falling_piece.blocks[3].row[0] ; 42      ;
; Rule T102: Top nodes with the highest number of fan-outs         ; Tetris_View:view|substate.FLIP                          ; 39      ;
; Rule T102: Top nodes with the highest number of fan-outs         ; VGA_Framebuffer:vga|substate.INIT                       ; 37      ;
; Rule T102: Top nodes with the highest number of fan-outs         ; Tetris_Datapath:datapath|falling_piece.blocks[1].row[4] ; 36      ;
; Rule T102: Top nodes with the highest number of fan-outs         ; Tetris_Datapath:datapath|falling_piece.blocks[0].col[0] ; 36      ;
; Rule T102: Top nodes with the highest number of fan-outs         ; VGA_Framebuffer:vga|y_end[8]~0                          ; 36      ;
; Rule T102: Top nodes with the highest number of fan-outs         ; Tetris_Datapath:datapath|falling_piece.blocks[1].col[0] ; 36      ;
; Rule T102: Top nodes with the highest number of fan-outs         ; Tetris_Datapath:datapath|falling_piece.blocks[2].col[1] ; 35      ;
; Rule T102: Top nodes with the highest number of fan-outs         ; Tetris_Datapath:datapath|falling_piece.blocks[3].col[1] ; 35      ;
; Rule T102: Top nodes with the highest number of fan-outs         ; Tetris_Datapath:datapath|falling_piece.blocks[1].col[1] ; 35      ;
; Rule T102: Top nodes with the highest number of fan-outs         ; Tetris_Datapath:datapath|falling_piece.blocks[2].col[0] ; 34      ;
; Rule T102: Top nodes with the highest number of fan-outs         ; Tetris_Datapath:datapath|falling_piece.blocks[3].col[0] ; 34      ;
; Rule T102: Top nodes with the highest number of fan-outs         ; Tetris_Datapath:datapath|falling_piece.blocks[1].row[0] ; 34      ;
; Rule T102: Top nodes with the highest number of fan-outs         ; VGA_Framebuffer:vga|VGA_Timing:vga_timing|h_state.DATA  ; 32      ;
; Rule T102: Top nodes with the highest number of fan-outs         ; Tetris_View:view|Selector27~0                           ; 32      ;
; Rule T102: Top nodes with the highest number of fan-outs         ; Tetris_View:view|Add1~0                                 ; 32      ;
; Rule T102: Top nodes with the highest number of fan-outs         ; Tetris_View:view|Add0~8                                 ; 32      ;
; Rule T102: Top nodes with the highest number of fan-outs         ; Tetris_Datapath:datapath|falling_piece.blocks[2].row[4] ; 32      ;
; Rule T102: Top nodes with the highest number of fan-outs         ; RESET_N                                                 ; 32      ;
; Rule T102: Top nodes with the highest number of fan-outs         ; Tetris_Datapath:datapath|falling_piece.blocks[3].row[4] ; 32      ;
; Rule T102: Top nodes with the highest number of fan-outs         ; VGA_Framebuffer:vga|VGA_Timing:vga_timing|v_state.DATA  ; 32      ;
; Rule T102: Top nodes with the highest number of fan-outs         ; VGA_Framebuffer:vga|state.IDLE                          ; 32      ;
+------------------------------------------------------------------+---------------------------------------------------------+---------+


+---------------------------+
; Design Assistant Messages ;
+---------------------------+
Info: *******************************************************************
Info: Running Quartus II 64-Bit Design Assistant
    Info: Version 13.0.1 Build 232 06/12/2013 Service Pack 1 SJ Web Edition
    Info: Processing started: Fri Mar 16 11:05:51 2018
Info: Command: quartus_drc --read_settings_files=off --write_settings_files=off Tetris_DE1 -c Tetris_DE1
Info (332104): Reading SDC File: 'Tetris_DE1.sdc'
Info (332110): Deriving PLL clocks
    Info (332110): create_generated_clock -source {pll|altpll_component|pll|inclk[0]} -multiply_by 2 -duty_cycle 50.00 -name {PLL:pll|altpll:altpll_component|_clk0} {pll|altpll_component|pll|clk[0]}
    Info (332110): create_generated_clock -source {pll|altpll_component|pll|inclk[0]} -duty_cycle 50.00 -name {PLL:pll|altpll:altpll_component|_clk1} {pll|altpll_component|pll|clk[1]}
Critical Warning (308060): (High) Rule D101: Data bits are not synchronized when transferred between asynchronous clock domains. (Value defined:2). Found 25 asynchronous clock domain interface structure(s) related to this rule.
    Critical Warning (308012): Node  "RESET_N"
    Critical Warning (308012): Node  "Tetris_View:view|FB_DRAW_RECT"
    Critical Warning (308012): Node  "VGA_Framebuffer:vga|state.IDLE"
    Critical Warning (308012): Node  "Tetris_View:view|FB_CLEAR"
    Critical Warning (308012): Node  "Tetris_View:view|FB_FLIP"
    Critical Warning (308012): Node  "Tetris_View:view|FB_X0[1]"
    Critical Warning (308012): Node  "Tetris_View:view|FB_X0[0]"
    Critical Warning (308012): Node  "Tetris_View:view|FB_X0[4]"
    Critical Warning (308012): Node  "Tetris_View:view|FB_X0[2]"
    Critical Warning (308012): Node  "Tetris_View:view|FB_X0[5]"
    Critical Warning (308012): Node  "Tetris_View:view|FB_X0[6]"
    Critical Warning (308012): Node  "Tetris_View:view|FB_X0[7]"
    Critical Warning (308012): Node  "Tetris_View:view|FB_X0[8]"
    Critical Warning (308012): Node  "Tetris_View:view|FB_X0[9]"
    Critical Warning (308012): Node  "Tetris_View:view|FB_X0[3]"
    Critical Warning (308012): Node  "Tetris_View:view|FB_Y0[1]"
    Critical Warning (308012): Node  "Tetris_View:view|FB_Y0[2]"
    Critical Warning (308012): Node  "Tetris_View:view|FB_Y0[3]"
    Critical Warning (308012): Node  "Tetris_View:view|FB_Y0[4]"
    Critical Warning (308012): Node  "Tetris_View:view|FB_Y0[5]"
    Critical Warning (308012): Node  "Tetris_View:view|FB_Y0[6]"
    Critical Warning (308012): Node  "Tetris_View:view|FB_Y0[7]"
    Critical Warning (308012): Node  "Tetris_View:view|FB_Y0[8]"
    Critical Warning (308012): Node  "Tetris_View:view|FB_Y0[0]"
    Critical Warning (308012): Node  "Tetris_View:view|FB_COLOR[10]"
Critical Warning (308067): (High) Rule D103: Data bits are not correctly synchronized when transferred between asynchronous clock domains. (Value defined:2). Found 1 asynchronous clock domain interface structure(s) related to this rule.
    Critical Warning (308012): Node  "VGA_Framebuffer:vga|state.IDLE"
Warning (308027): (Medium) Rule R105: The reset signal that is generated in one clock domain and used in another clock domain should be synchronized. Found 1 node(s) related to this rule.
    Warning (308010): Node  "RESET_N"
Info (308046): (Information) Rule T101: Nodes with more than the specified number of fan-outs. (Value defined:30). Found 51 node(s) with highest fan-out.
    Info (308011): Node  "RESET_N~clkctrl"
    Info (308011): Node  "RESET_N"
    Info (308011): Node  "PLL:pll|altpll:altpll_component|_clk0~clkctrl"
    Info (308011): Node  "VGA_Framebuffer:vga|VGA_Timing:vga_timing|h_state.DATA"
    Info (308011): Node  "VGA_Framebuffer:vga|VGA_Timing:vga_timing|v_state.DATA"
    Info (308011): Node  "VGA_Framebuffer:vga|substate.INIT"
    Info (308011): Node  "Tetris_View:view|state.DRAWING"
    Info (308011): Node  "VGA_Framebuffer:vga|state.IDLE"
    Info (308011): Node  "Tetris_View:view|FB_CLEAR"
    Info (308011): Node  "Tetris_Datapath:datapath|falling_piece.blocks[1].row[4]"
    Info (308011): Node  "Tetris_Datapath:datapath|falling_piece.blocks[3].row[1]"
    Info (308011): Node  "Tetris_Controller:controller|MERGE"
    Info (308011): Node  "Tetris_Datapath:datapath|falling_piece.blocks[2].row[1]"
    Info (308011): Node  "Tetris_Controller:controller|REMOVE_ROW"
    Info (308011): Node  "Tetris_Controller:controller|row_check_counter[0]"
    Info (308011): Node  "Tetris_Controller:controller|row_check_counter[1]"
    Info (308011): Node  "PLL:pll|altpll:altpll_component|_clk1~clkctrl"
    Info (308011): Node  "Tetris_Datapath:datapath|falling_piece.blocks[1].row[1]"
    Info (308011): Node  "Tetris_Datapath:datapath|falling_piece.blocks[1].row[0]"
    Info (308011): Node  "Tetris_Datapath:datapath|falling_piece.blocks[0].col[0]"
    Info (308011): Node  "Tetris_Datapath:datapath|falling_piece.blocks[2].col[1]"
    Info (308011): Node  "Tetris_Datapath:datapath|falling_piece.blocks[3].col[1]"
    Info (308011): Node  "Tetris_Datapath:datapath|falling_piece.blocks[3].col[0]"
    Info (308011): Node  "Tetris_Datapath:datapath|falling_piece.blocks[0].row[0]"
    Info (308011): Node  "Tetris_Datapath:datapath|falling_piece.blocks[3].row[0]"
    Info (308011): Node  "Tetris_Datapath:datapath|falling_piece.blocks[0].row[1]"
    Info (308011): Node  "Tetris_Datapath:datapath|falling_piece.blocks[0].col[1]"
    Info (308011): Node  "Tetris_Datapath:datapath|falling_piece.blocks[0].row[2]"
    Info (308011): Node  "Tetris_Datapath:datapath|falling_piece.blocks[3].row[2]"
    Info (308011): Node  "Tetris_Datapath:datapath|falling_piece.blocks[3].row[3]"
    Info (308002): Truncated list of Design Assistant messages to 30 messages. Go to sections under Design Assistant section of Compilation Report for complete lists of Design Assistant messages generated.
Info (308044): (Information) Rule T102: Top nodes with the highest number of fan-outs. (Value defined:50). Found 50 node(s) with highest fan-out.
    Info (308011): Node  "RESET_N~clkctrl"
    Info (308011): Node  "PLL:pll|altpll:altpll_component|_clk1~clkctrl"
    Info (308011): Node  "Tetris_Controller:controller|REMOVE_ROW"
    Info (308011): Node  "Tetris_Datapath:datapath|board~1408"
    Info (308011): Node  "Tetris_Datapath:datapath|falling_piece.blocks[0].row[3]"
    Info (308011): Node  "Tetris_Datapath:datapath|falling_piece.blocks[0].row[2]"
    Info (308011): Node  "PLL:pll|altpll:altpll_component|_clk0~clkctrl"
    Info (308011): Node  "Tetris_Datapath:datapath|falling_piece.blocks[1].row[2]"
    Info (308011): Node  "Tetris_Datapath:datapath|falling_piece.blocks[1].row[3]"
    Info (308011): Node  "Tetris_Datapath:datapath|falling_piece.blocks[3].row[3]"
    Info (308011): Node  "Tetris_Datapath:datapath|falling_piece.blocks[2].row[3]"
    Info (308011): Node  "Tetris_Datapath:datapath|falling_piece.blocks[3].row[2]"
    Info (308011): Node  "Tetris_Datapath:datapath|falling_piece.blocks[2].row[2]"
    Info (308011): Node  "Tetris_Datapath:datapath|falling_piece.blocks[0].row[1]"
    Info (308011): Node  "Tetris_Datapath:datapath|falling_piece.blocks[1].row[1]"
    Info (308011): Node  "Tetris_Datapath:datapath|falling_piece.blocks[3].row[1]"
    Info (308011): Node  "Tetris_Datapath:datapath|falling_piece.blocks[2].row[1]"
    Info (308011): Node  "Tetris_View:view|state.DRAWING"
    Info (308011): Node  "Tetris_Controller:controller|row_check_counter[2]"
    Info (308011): Node  "Tetris_Controller:controller|row_check_counter[3]"
    Info (308011): Node  "Tetris_Controller:controller|row_check_counter[0]"
    Info (308011): Node  "Tetris_Controller:controller|row_check_counter[1]"
    Info (308011): Node  "Tetris_Controller:controller|MERGE"
    Info (308011): Node  "Tetris_Datapath:datapath|falling_piece.blocks[0].row[4]"
    Info (308011): Node  "Tetris_Datapath:datapath|falling_piece.blocks[0].row[0]"
    Info (308011): Node  "Tetris_View:view|FB_CLEAR"
    Info (308011): Node  "VGA_Framebuffer:vga|VGA_RAMDAC:vga_fb|SRAM_WE_N~0"
    Info (308011): Node  "Tetris_Datapath:datapath|falling_piece.blocks[2].row[0]"
    Info (308011): Node  "Tetris_Datapath:datapath|falling_piece.blocks[3].row[0]"
    Info (308011): Node  "Tetris_View:view|substate.FLIP"
    Info (308002): Truncated list of Design Assistant messages to 30 messages. Go to sections under Design Assistant section of Compilation Report for complete lists of Design Assistant messages generated.
Info (308007): Design Assistant information: finished post-fitting analysis of current design -- generated 101 information messages and 27 warning messages
Info: Quartus II 64-Bit Design Assistant was successful. 0 errors, 30 warnings
    Info: Peak virtual memory: 474 megabytes
    Info: Processing ended: Fri Mar 16 11:05:52 2018
    Info: Elapsed time: 00:00:01
    Info: Total CPU time (on all processors): 00:00:01


