Flow report for Tetris_DE1
Wed Mar 14 14:36:36 2018
Quartus II 64-Bit Version 13.0.1 Build 232 06/12/2013 Service Pack 1 SJ Web Edition


---------------------
; Table of Contents ;
---------------------
  1. Legal Notice
  2. Flow Summary
  3. Flow Settings
  4. Flow Non-Default Global Settings
  5. Flow Elapsed Time
  6. Flow OS Summary
  7. Flow Log
  8. Flow Messages
  9. Flow Suppressed Messages



----------------
; Legal Notice ;
----------------
Copyright (C) 1991-2013 Altera Corporation
Your use of Altera Corporation's design tools, logic functions 
and other software and tools, and its AMPP partner logic 
functions, and any output files from any of the foregoing 
(including device programming or simulation files), and any 
associated documentation or information are expressly subject 
to the terms and conditions of the Altera Program License 
Subscription Agreement, Altera MegaCore Function License 
Agreement, or other applicable license agreement, including, 
without limitation, that your use is for the sole purpose of 
programming logic devices manufactured by Altera and sold by 
Altera or its authorized distributors.  Please refer to the 
applicable agreement for further details.



+--------------------------------------------------------------------------------------+
; Flow Summary                                                                         ;
+------------------------------------+-------------------------------------------------+
; Flow Status                        ; Successful - Wed Mar 14 14:36:36 2018           ;
; Quartus II 64-Bit Version          ; 13.0.1 Build 232 06/12/2013 SP 1 SJ Web Edition ;
; Revision Name                      ; Tetris_DE1                                      ;
; Top-level Entity Name              ; Tetris_DE1                                      ;
; Family                             ; Cyclone II                                      ;
; Device                             ; EP2C20F484C7                                    ;
; Timing Models                      ; Final                                           ;
; Total logic elements               ; 162 / 18,752 ( < 1 % )                          ;
;     Total combinational functions  ; 161 / 18,752 ( < 1 % )                          ;
;     Dedicated logic registers      ; 78 / 18,752 ( < 1 % )                           ;
; Total registers                    ; 78                                              ;
; Total pins                         ; 59 / 315 ( 19 % )                               ;
; Total virtual pins                 ; 0                                               ;
; Total memory bits                  ; 0 / 239,616 ( 0 % )                             ;
; Embedded Multiplier 9-bit elements ; 0 / 52 ( 0 % )                                  ;
; Total PLLs                         ; 1 / 4 ( 25 % )                                  ;
+------------------------------------+-------------------------------------------------+


+-----------------------------------------+
; Flow Settings                           ;
+-------------------+---------------------+
; Option            ; Setting             ;
+-------------------+---------------------+
; Start date & time ; 03/14/2018 14:36:19 ;
; Main task         ; Compilation         ;
; Revision Name     ; Tetris_DE1          ;
+-------------------+---------------------+


+-------------------------------------------------------------------------------------------------------------------------------+
; Flow Non-Default Global Settings                                                                                              ;
+-------------------------------------+-------------------------------------+--------------------+-------------+----------------+
; Assignment Name                     ; Value                               ; Default Value      ; Entity Name ; Section Id     ;
+-------------------------------------+-------------------------------------+--------------------+-------------+----------------+
; ALLOW_POWER_UP_DONT_CARE            ; Off                                 ; On                 ; --          ; --             ;
; COMPILER_SIGNATURE_ID               ; 35490513764543.152103457807376      ; --                 ; --          ; --             ;
; CYCLONEII_OPTIMIZATION_TECHNIQUE    ; Speed                               ; Balanced           ; --          ; --             ;
; EDA_OUTPUT_DATA_FORMAT              ; Vhdl                                ; --                 ; --          ; eda_simulation ;
; EDA_SIMULATION_TOOL                 ; ModelSim-Altera (VHDL)              ; <None>             ; --          ; --             ;
; ENABLE_DRC_SETTINGS                 ; On                                  ; Off                ; --          ; --             ;
; ENABLE_SIGNALTAP                    ; Off                                 ; --                 ; --          ; --             ;
; HDL_MESSAGE_LEVEL                   ; Level3                              ; Level2             ; --          ; --             ;
; IP_TOOL_NAME                        ; ALTPLL                              ; --                 ; --          ; --             ;
; IP_TOOL_VERSION                     ; 10.1                                ; --                 ; --          ; --             ;
; MAX_CORE_JUNCTION_TEMP              ; 85                                  ; --                 ; --          ; --             ;
; MIN_CORE_JUNCTION_TEMP              ; 0                                   ; --                 ; --          ; --             ;
; MISC_FILE                           ; PLL.ppf                             ; --                 ; --          ; --             ;
; OPTIMIZE_POWER_DURING_FITTING       ; Off                                 ; Normal compilation ; --          ; --             ;
; OPTIMIZE_POWER_DURING_SYNTHESIS     ; Off                                 ; Normal compilation ; --          ; --             ;
; PARTITION_COLOR                     ; 16764057                            ; --                 ; --          ; Top            ;
; PARTITION_FITTER_PRESERVATION_LEVEL ; PLACEMENT_AND_ROUTING               ; --                 ; --          ; Top            ;
; PARTITION_NETLIST_TYPE              ; SOURCE                              ; --                 ; --          ; Top            ;
; POWER_BOARD_THERMAL_MODEL           ; None (CONSERVATIVE)                 ; --                 ; --          ; --             ;
; POWER_PRESET_COOLING_SOLUTION       ; No Heat Sink With Still Air         ; --                 ; --          ; --             ;
; SYNTH_TIMING_DRIVEN_SYNTHESIS       ; On                                  ; Off                ; --          ; --             ;
; TIMEQUEST_MULTICORNER_ANALYSIS      ; Off                                 ; On                 ; --          ; --             ;
; USE_SIGNALTAP_FILE                  ; ../../Temp/testfpga2/signal_tap.stp ; --                 ; --          ; --             ;
+-------------------------------------+-------------------------------------+--------------------+-------------+----------------+


+-------------------------------------------------------------------------------------------------------------------------------+
; Flow Elapsed Time                                                                                                             ;
+---------------------------+--------------+-------------------------+---------------------+------------------------------------+
; Module Name               ; Elapsed Time ; Average Processors Used ; Peak Virtual Memory ; Total CPU Time (on all processors) ;
+---------------------------+--------------+-------------------------+---------------------+------------------------------------+
; Analysis & Synthesis      ; 00:00:06     ; 1.0                     ; 643 MB              ; 00:00:06                           ;
; Fitter                    ; 00:00:03     ; 1.0                     ; 763 MB              ; 00:00:03                           ;
; Assembler                 ; 00:00:02     ; 1.0                     ; 474 MB              ; 00:00:01                           ;
; TimeQuest Timing Analyzer ; 00:00:00     ; 1.0                     ; 467 MB              ; 00:00:01                           ;
; Design Assistant          ; 00:00:01     ; 1.0                     ; 450 MB              ; 00:00:00                           ;
; EDA Netlist Writer        ; 00:00:00     ; 1.0                     ; 446 MB              ; 00:00:01                           ;
; Total                     ; 00:00:12     ; --                      ; --                  ; 00:00:12                           ;
+---------------------------+--------------+-------------------------+---------------------+------------------------------------+


+----------------------------------------------------------------------------------------+
; Flow OS Summary                                                                        ;
+---------------------------+------------------+-----------+------------+----------------+
; Module Name               ; Machine Hostname ; OS Name   ; OS Version ; Processor type ;
+---------------------------+------------------+-----------+------------+----------------+
; Analysis & Synthesis      ; DESKTOP-6RUSTGB  ; Windows 7 ; 6.2        ; x86_64         ;
; Fitter                    ; DESKTOP-6RUSTGB  ; Windows 7 ; 6.2        ; x86_64         ;
; Assembler                 ; DESKTOP-6RUSTGB  ; Windows 7 ; 6.2        ; x86_64         ;
; TimeQuest Timing Analyzer ; DESKTOP-6RUSTGB  ; Windows 7 ; 6.2        ; x86_64         ;
; Design Assistant          ; DESKTOP-6RUSTGB  ; Windows 7 ; 6.2        ; x86_64         ;
; EDA Netlist Writer        ; DESKTOP-6RUSTGB  ; Windows 7 ; 6.2        ; x86_64         ;
+---------------------------+------------------+-----------+------------+----------------+


------------
; Flow Log ;
------------
quartus_map --read_settings_files=on --write_settings_files=off Tetris_DE1 -c Tetris_DE1
quartus_fit --read_settings_files=off --write_settings_files=off Tetris_DE1 -c Tetris_DE1
quartus_asm --read_settings_files=off --write_settings_files=off Tetris_DE1 -c Tetris_DE1
quartus_sta Tetris_DE1 -c Tetris_DE1
quartus_drc --read_settings_files=off --write_settings_files=off Tetris_DE1 -c Tetris_DE1
quartus_eda --read_settings_files=off --write_settings_files=off Tetris_DE1 -c Tetris_DE1



